{"/home/heir/Desktop/backup/server/server.js":{"path":"/home/heir/Desktop/backup/server/server.js","statementMap":{"0":{"start":{"line":3,"column":29},"end":{"line":3,"column":84}},"1":{"start":{"line":5,"column":15},"end":{"line":5,"column":57}},"2":{"start":{"line":7,"column":16},"end":{"line":7,"column":59}},"3":{"start":{"line":9,"column":14},"end":{"line":9,"column":55}},"4":{"start":{"line":11,"column":18},"end":{"line":11,"column":64}},"5":{"start":{"line":13,"column":12},"end":{"line":13,"column":51}},"6":{"start":{"line":15,"column":19},"end":{"line":15,"column":74}},"7":{"start":{"line":17,"column":12},"end":{"line":17,"column":60}},"8":{"start":{"line":19,"column":16},"end":{"line":19,"column":68}},"9":{"start":{"line":21,"column":15},"end":{"line":21,"column":66}},"10":{"start":{"line":23,"column":20},"end":{"line":23,"column":68}},"11":{"start":{"line":25,"column":24},"end":{"line":25,"column":77}},"12":{"start":{"line":27,"column":12},"end":{"line":27,"column":51}},"13":{"start":{"line":29,"column":0},"end":{"line":29,"column":27}},"14":{"start":{"line":31,"column":22},"end":{"line":31,"column":48}},"15":{"start":{"line":34,"column":0},"end":{"line":34,"column":49}},"16":{"start":{"line":36,"column":13},"end":{"line":39,"column":2}},"17":{"start":{"line":41,"column":10},"end":{"line":41,"column":36}},"18":{"start":{"line":42,"column":0},"end":{"line":42,"column":40}},"19":{"start":{"line":43,"column":0},"end":{"line":43,"column":33}},"20":{"start":{"line":44,"column":0},"end":{"line":44,"column":99}},"21":{"start":{"line":45,"column":0},"end":{"line":45,"column":110}},"22":{"start":{"line":46,"column":0},"end":{"line":48,"column":4}},"23":{"start":{"line":49,"column":0},"end":{"line":49,"column":39}},"24":{"start":{"line":50,"column":0},"end":{"line":50,"column":42}},"25":{"start":{"line":51,"column":0},"end":{"line":55,"column":3}},"26":{"start":{"line":52,"column":2},"end":{"line":54,"column":5}},"27":{"start":{"line":56,"column":0},"end":{"line":56,"column":41}},"28":{"start":{"line":57,"column":0},"end":{"line":57,"column":43}},"29":{"start":{"line":58,"column":0},"end":{"line":58,"column":36}},"30":{"start":{"line":59,"column":0},"end":{"line":63,"column":3}},"31":{"start":{"line":60,"column":14},"end":{"line":60,"column":44}},"32":{"start":{"line":61,"column":2},"end":{"line":61,"column":21}},"33":{"start":{"line":62,"column":2},"end":{"line":62,"column":14}},"34":{"start":{"line":64,"column":0},"end":{"line":70,"column":3}},"35":{"start":{"line":65,"column":2},"end":{"line":69,"column":5}},"36":{"start":{"line":71,"column":0},"end":{"line":73,"column":3}},"37":{"start":{"line":72,"column":2},"end":{"line":72,"column":67}},"38":{"start":{"line":74,"column":0},"end":{"line":74,"column":21}}},"fnMap":{"0":{"name":"(anonymous_0)","decl":{"start":{"line":51,"column":13},"end":{"line":51,"column":14}},"loc":{"start":{"line":51,"column":33},"end":{"line":55,"column":1}},"line":51},"1":{"name":"(anonymous_1)","decl":{"start":{"line":59,"column":8},"end":{"line":59,"column":9}},"loc":{"start":{"line":59,"column":34},"end":{"line":63,"column":1}},"line":59},"2":{"name":"(anonymous_2)","decl":{"start":{"line":64,"column":8},"end":{"line":64,"column":9}},"loc":{"start":{"line":64,"column":41},"end":{"line":70,"column":1}},"line":64},"3":{"name":"(anonymous_3)","decl":{"start":{"line":71,"column":29},"end":{"line":71,"column":30}},"loc":{"start":{"line":71,"column":41},"end":{"line":73,"column":1}},"line":71}},"branchMap":{"0":{"loc":{"start":{"line":65,"column":20},"end":{"line":65,"column":39}},"type":"binary-expr","locations":[{"start":{"line":65,"column":20},"end":{"line":65,"column":32}},{"start":{"line":65,"column":36},"end":{"line":65,"column":39}}],"line":65}},"s":{"0":1,"1":1,"2":1,"3":1,"4":1,"5":1,"6":1,"7":1,"8":1,"9":1,"10":1,"11":1,"12":1,"13":1,"14":1,"15":1,"16":1,"17":1,"18":1,"19":1,"20":1,"21":1,"22":1,"23":1,"24":1,"25":1,"26":10,"27":1,"28":1,"29":1,"30":1,"31":0,"32":0,"33":0,"34":1,"35":0,"36":1,"37":1,"38":1},"f":{"0":10,"1":0,"2":0,"3":1},"b":{"0":[0,0]},"inputSourceMap":{"version":3,"sources":["server.js"],"names":["require","config","swaggerDocument","mongoose","set","dbConn","connect","process","env","PSWD","DBNAME","useNewUrlParser","useUnifiedTopology","app","use","express","path","join","__dirname","swaggerUi","serve","setup","bodyParser","urlencoded","extended","json","ContactRoutes","req","res","status","message","profileRoutes","userRoutes","BlogRoutes","next","error","Error","listen","PORT","console","log","module","exports"],"mappings":";;;;AAAA;;AACA;;AACA;;AACA;;AACA;;AAEA;;AACA;;AACA;;AACA;;AACA;;AACA;;AACA;;AAPAA,OAAO,CAAC,QAAD,CAAP,CAAkBC,MAAlB;;AAQA,IAAMC,eAAe,GAAGF,OAAO,CAAC,iBAAD,CAA/B,C,CAMA;;;AACAG,qBAASC,GAAT,CAAa,gBAAb,EAA+B,IAA/B;;AACA,IAAMC,MAAM,GAAGF,qBAASG,OAAT,8BAAuCC,OAAO,CAACC,GAAR,CAAYC,IAAnD,wCAAqFF,OAAO,CAACC,GAAR,CAAYE,MAAjG,mCAAuI;AAAEC,EAAAA,eAAe,EAAE,IAAnB;AAAyBC,EAAAA,kBAAkB,EAAE;AAA7C,CAAvI,CAAf;;AAEA,IAAMC,GAAG,GAAG,0BAAZ;AACAA,GAAG,CAACC,GAAJ,CAAQ,wBAAO,KAAP,CAAR;AACAD,GAAG,CAACC,GAAJ,CAAQ,uBAAR;AACAD,GAAG,CAACC,GAAJ,CAAQ,UAAR,EAAoBC,8BAAeC,iBAAKC,IAAL,CAAUC,SAAV,EAAqB,YAArB,CAAf,CAApB;AACAL,GAAG,CAACC,GAAJ,CAAQ,WAAR,EAAqBK,6BAAUC,KAA/B,EAAsCD,6BAAUE,KAAV,CAAgBnB,eAAhB,CAAtC;AACAW,GAAG,CAACC,GAAJ,CAAQQ,uBAAWC,UAAX,CAAsB;AAAEC,EAAAA,QAAQ,EAAE;AAAZ,CAAtB,CAAR;AACAX,GAAG,CAACC,GAAJ,CAAQQ,uBAAWG,IAAX,EAAR;AACAZ,GAAG,CAACC,GAAJ,CAAQ,UAAR,EAAoBY,oBAApB;AACAb,GAAG,CAACC,GAAJ,CAAQ,GAAR,EAAY,UAACa,GAAD,EAAKC,GAAL,EAAW;AACvBA,EAAAA,GAAG,CAACC,MAAJ,CAAW,GAAX,EAAgBJ,IAAhB,CAAqB;AAACK,IAAAA,OAAO,EAAC;AAAT,GAArB;AACC,CAFD;AAGAjB,GAAG,CAACC,GAAJ,CAAQ,UAAR,EAAoBiB,mBAApB;AACAlB,GAAG,CAACC,GAAJ,CAAQ,QAAR,EAAkBkB,uBAAlB;AACAnB,GAAG,CAACC,GAAJ,CAAQ,QAAR,EAAkBmB,gBAAlB;AACApB,GAAG,CAACC,GAAJ,CAAQ,UAACa,GAAD,EAAMC,GAAN,EAAWM,IAAX,EAAoB;AACxB,MAAIC,KAAK,GAAG,IAAIC,KAAJ,CAAU,mBAAV,CAAZ;AACAD,EAAAA,KAAK,CAACN,MAAN,GAAe,GAAf;AACAK,EAAAA,IAAI,CAACC,KAAD,CAAJ;AACH,CAJD;AAKAtB,GAAG,CAACC,GAAJ,CAAQ,UAACqB,KAAD,EAAQR,GAAR,EAAaC,GAAb,EAAkBM,IAAlB,EAA2B;AAC/B,SAAON,GAAG,CAACC,MAAJ,CAAWM,KAAK,CAACN,MAAN,IAAgB,GAA3B,EAAgCJ,IAAhC,CAAqC;AACxCU,IAAAA,KAAK,EAAE;AACHL,MAAAA,OAAO,EAAEK,KAAK,CAACL;AADZ;AADiC,GAArC,CAAP;AAMH,CAPD;AASAjB,GAAG,CAACwB,MAAJ,CAAW9B,OAAO,CAACC,GAAR,CAAY8B,IAAvB,EAA6B,YAAM;AAC/BC,EAAAA,OAAO,CAACC,GAAR,mCAAuCjC,OAAO,CAACC,GAAR,CAAY8B,IAAnD;AACH,CAFD;AAKAG,MAAM,CAACC,OAAP,GAAe7B,GAAf","sourceRoot":"/home/heir/Desktop/backup/server/","sourcesContent":["import express from 'express'\nimport mongoose from 'mongoose'\nimport morgan from 'morgan'\nimport bodyParser from 'body-parser'\nimport cors from 'cors'\nrequire(\"dotenv\").config()\nimport userRoutes from './routes/usersRoutes'\nimport BlogRoutes from './routes/blog'\nimport ContactRoutes from './routes/contacts'\nimport profileRoutes from './routes/profile'\nimport swaggerDoc from 'swagger-jsdoc'\nimport swaggerUi from 'swagger-ui-express'\nimport path from 'path'\nconst swaggerDocument = require('../swagger.json');\n\n\n\n\n\n// \nmongoose.set('useCreateIndex', true)\nconst dbConn = mongoose.connect(`mongodb+srv://root:${process.env.PSWD}@mybrand.rqcqj.mongodb.net/${process.env.DBNAME}?retryWrites=true&w=majority`, { useNewUrlParser: true, useUnifiedTopology: true })\n\nconst app = express()\napp.use(morgan('dev'))\napp.use(cors());\napp.use('/uploads', express.static(path.join(__dirname, '../uploads')))\napp.use('/api-docs', swaggerUi.serve, swaggerUi.setup(swaggerDocument));\napp.use(bodyParser.urlencoded({ extended: false }))\napp.use(bodyParser.json())\napp.use('/contact', ContactRoutes)\napp.use('/',(req,res)=>{\nres.status(200).json({message:'heroku pipelines passing!'});\n})\napp.use('/profile', profileRoutes)\napp.use('/users', userRoutes)\napp.use('/blogs', BlogRoutes)\napp.use((req, res, next) => {\n    let error = new Error('Route Not  found.')\n    error.status = 404\n    next(error)\n})\napp.use((error, req, res, next) => {\n    return res.status(error.status || 500).json({\n        error: {\n            message: error.message\n        }\n    })\n    \n})\n\napp.listen(process.env.PORT, () => {\n    console.log(`server  running on port ${process.env.PORT}`)\n})\n\n\nmodule.exports=app"]},"_coverageSchema":"1a1c01bbd47fc00a2c39e90264f33305004495a9","hash":"bf225ef4e1835051b9687207e595a2507dde63ca","contentHash":"e9da5a252fcd1f171266f43ee00c379d797a354c64b9120bbe00a3ecba18df13"},"/home/heir/Desktop/backup/server/routes/usersRoutes.js":{"path":"/home/heir/Desktop/backup/server/routes/usersRoutes.js","statementMap":{"0":{"start":{"line":3,"column":29},"end":{"line":3,"column":84}},"1":{"start":{"line":5,"column":15},"end":{"line":5,"column":57}},"2":{"start":{"line":7,"column":13},"end":{"line":7,"column":67}},"3":{"start":{"line":9,"column":21},"end":{"line":9,"column":84}},"4":{"start":{"line":11,"column":13},"end":{"line":11,"column":41}},"5":{"start":{"line":13,"column":0},"end":{"line":13,"column":82}},"6":{"start":{"line":14,"column":0},"end":{"line":14,"column":74}},"7":{"start":{"line":15,"column":0},"end":{"line":15,"column":24}}},"fnMap":{},"branchMap":{},"s":{"0":1,"1":1,"2":1,"3":1,"4":1,"5":1,"6":1,"7":1},"f":{},"b":{},"inputSourceMap":{"version":3,"sources":["usersRoutes.js"],"names":["router","express","Router","post","emailChecker","userController","createUser","login","module","exports"],"mappings":";;;;AAAA;;AACA;;AAGA;;AAFA,IAAMA,MAAM,GAAGC,oBAAQC,MAAR,EAAf;;AAGAF,MAAM,CAACG,IAAP,CAAY,WAAZ,EAAwBC,iBAAxB,EAAqCC,0BAAeC,UAApD;AACAN,MAAM,CAACG,IAAP,CAAY,QAAZ,EAAqBC,iBAArB,EAAkCC,0BAAeE,KAAjD;AAIAC,MAAM,CAACC,OAAP,GAAiBT,MAAjB","sourceRoot":"/home/heir/Desktop/backup/server/routes/","sourcesContent":["import express from 'express'\nimport emailChecker from '../helpers/email.js'\nconst router = express.Router()\n\nimport userController from '../controllers/userControler'\nrouter.post('/register',emailChecker,userController.createUser)\nrouter.post('/login',emailChecker,userController.login)\n\n\n\nmodule.exports = router"]},"_coverageSchema":"1a1c01bbd47fc00a2c39e90264f33305004495a9","hash":"f05c9119181925ab1918e383c22271e050c740ea","contentHash":"f02b1a1c75eb4bb8d67cfd5d6ed6b90be2d4ce22a031b3bd36a754bc09c14cd9"},"/home/heir/Desktop/backup/server/helpers/email.js":{"path":"/home/heir/Desktop/backup/server/helpers/email.js","statementMap":{"0":{"start":{"line":3,"column":29},"end":{"line":3,"column":84}},"1":{"start":{"line":5,"column":0},"end":{"line":7,"column":3}},"2":{"start":{"line":8,"column":0},"end":{"line":8,"column":28}},"3":{"start":{"line":10,"column":19},"end":{"line":10,"column":80}},"4":{"start":{"line":12,"column":25},"end":{"line":12,"column":99}},"5":{"start":{"line":14,"column":32},"end":{"line":49,"column":3}},"6":{"start":{"line":15,"column":13},"end":{"line":44,"column":5}},"7":{"start":{"line":17,"column":4},"end":{"line":43,"column":16}},"8":{"start":{"line":18,"column":6},"end":{"line":42,"column":7}},"9":{"start":{"line":19,"column":8},"end":{"line":41,"column":9}},"10":{"start":{"line":21,"column":12},"end":{"line":21,"column":73}},"11":{"start":{"line":22,"column":12},"end":{"line":22,"column":35}},"12":{"start":{"line":24,"column":12},"end":{"line":27,"column":13}},"13":{"start":{"line":25,"column":14},"end":{"line":25,"column":32}},"14":{"start":{"line":26,"column":14},"end":{"line":26,"column":20}},"15":{"start":{"line":29,"column":12},"end":{"line":29,"column":19}},"16":{"start":{"line":30,"column":12},"end":{"line":30,"column":30}},"17":{"start":{"line":31,"column":12},"end":{"line":31,"column":18}},"18":{"start":{"line":34,"column":12},"end":{"line":36,"column":16}},"19":{"start":{"line":40,"column":12},"end":{"line":40,"column":35}},"20":{"start":{"line":46,"column":2},"end":{"line":48,"column":4}},"21":{"start":{"line":47,"column":4},"end":{"line":47,"column":39}},"22":{"start":{"line":51,"column":15},"end":{"line":51,"column":27}},"23":{"start":{"line":52,"column":0},"end":{"line":52,"column":30}}},"fnMap":{"0":{"name":"(anonymous_0)","decl":{"start":{"line":14,"column":32},"end":{"line":14,"column":33}},"loc":{"start":{"line":14,"column":44},"end":{"line":49,"column":1}},"line":14},"1":{"name":"_callee","decl":{"start":{"line":15,"column":100},"end":{"line":15,"column":107}},"loc":{"start":{"line":15,"column":124},"end":{"line":44,"column":3}},"line":15},"2":{"name":"_callee$","decl":{"start":{"line":17,"column":49},"end":{"line":17,"column":57}},"loc":{"start":{"line":17,"column":68},"end":{"line":43,"column":5}},"line":17},"3":{"name":"emailchecker","decl":{"start":{"line":46,"column":18},"end":{"line":46,"column":30}},"loc":{"start":{"line":46,"column":45},"end":{"line":48,"column":3}},"line":46}},"branchMap":{"0":{"loc":{"start":{"line":19,"column":8},"end":{"line":41,"column":9}},"type":"switch","locations":[{"start":{"line":20,"column":10},"end":{"line":31,"column":18}},{"start":{"line":33,"column":10},"end":{"line":36,"column":16}},{"start":{"line":38,"column":10},"end":{"line":38,"column":17}},{"start":{"line":39,"column":10},"end":{"line":40,"column":35}}],"line":19},"1":{"loc":{"start":{"line":24,"column":12},"end":{"line":27,"column":13}},"type":"if","locations":[{"start":{"line":24,"column":12},"end":{"line":27,"column":13}},{"start":{"line":24,"column":12},"end":{"line":27,"column":13}}],"line":24}},"s":{"0":1,"1":1,"2":1,"3":1,"4":1,"5":1,"6":1,"7":0,"8":0,"9":0,"10":0,"11":0,"12":0,"13":0,"14":0,"15":0,"16":0,"17":0,"18":0,"19":0,"20":1,"21":0,"22":1,"23":1},"f":{"0":1,"1":0,"2":0,"3":0},"b":{"0":[0,0,0,0],"1":[0,0]},"inputSourceMap":{"version":3,"sources":["email.js"],"names":["emailchecker","req","res","next","emailRegex","email","body","match","status","json","error"],"mappings":";;;;;;;;;;;;;AAAA,IAAMA,YAAY;AAAA,2FAAG,iBAAMC,GAAN,EAAUC,GAAV,EAAcC,IAAd;AAAA;AAAA;AAAA;AAAA;AAAA;AACjBC,YAAAA,UADiB,GACN,+CADM;AAEfC,YAAAA,KAFe,GAEPJ,GAAG,CAACK,IAAJ,CAASD,KAFF;;AAAA,iBAGlBA,KAAK,CAACE,KAAN,CAAYH,UAAZ,CAHkB;AAAA;AAAA;AAAA;;AAIpBD,YAAAA,IAAI;AAJgB;AAAA;;AAAA;AAAA,6CAMbD,GAAG,CAACM,MAAJ,CAAW,GAAX,EAAgBC,IAAhB,CAAqB;AAACC,cAAAA,KAAK,EAAC;AAAP,aAArB,CANa;;AAAA;AAAA;AAAA;AAAA;AAAA;AAAA;AAAA,GAAH;;AAAA,kBAAZV,YAAY;AAAA;AAAA;AAAA,GAAlB;;eAWeA,Y","sourceRoot":"/home/heir/Desktop/backup/server/helpers/","sourcesContent":["const emailchecker = async(req,res,next)=>{\nlet emailRegex=/^\\w+([\\.-]?\\w+)*@\\w+([\\.-]?\\w+)*(\\.\\w{2,3})+$/\nconst email = req.body.email\nif(email.match(emailRegex)){\n\tnext()\n}else{\n\treturn res.status(400).json({error:\"Invalid email Adress\"})\n}\n}\n\n\nexport default emailchecker"]},"_coverageSchema":"1a1c01bbd47fc00a2c39e90264f33305004495a9","hash":"19e2ff853cb67ed5640d1d5e80f2ed6c10cc0280","contentHash":"4aeab326622012ac00ea8cc588755c3b862478ba674b464914deee8c46823e5b"},"/home/heir/Desktop/backup/server/controllers/userControler.js":{"path":"/home/heir/Desktop/backup/server/controllers/userControler.js","statementMap":{"0":{"start":{"line":3,"column":29},"end":{"line":3,"column":84}},"1":{"start":{"line":5,"column":0},"end":{"line":7,"column":3}},"2":{"start":{"line":8,"column":0},"end":{"line":8,"column":28}},"3":{"start":{"line":10,"column":19},"end":{"line":10,"column":80}},"4":{"start":{"line":12,"column":25},"end":{"line":12,"column":99}},"5":{"start":{"line":14,"column":23},"end":{"line":14,"column":95}},"6":{"start":{"line":16,"column":20},"end":{"line":16,"column":89}},"7":{"start":{"line":18,"column":17},"end":{"line":18,"column":71}},"8":{"start":{"line":20,"column":20},"end":{"line":20,"column":67}},"9":{"start":{"line":22,"column":16},"end":{"line":22,"column":59}},"10":{"start":{"line":24,"column":14},"end":{"line":24,"column":55}},"11":{"start":{"line":26,"column":35},"end":{"line":238,"column":3}},"12":{"start":{"line":28,"column":4},"end":{"line":28,"column":60}},"13":{"start":{"line":31,"column":2},"end":{"line":236,"column":6}},"14":{"start":{"line":35,"column":24},"end":{"line":128,"column":9}},"15":{"start":{"line":37,"column":8},"end":{"line":127,"column":38}},"16":{"start":{"line":38,"column":10},"end":{"line":126,"column":11}},"17":{"start":{"line":39,"column":12},"end":{"line":125,"column":13}},"18":{"start":{"line":41,"column":16},"end":{"line":41,"column":35}},"19":{"start":{"line":42,"column":16},"end":{"line":42,"column":35}},"20":{"start":{"line":43,"column":16},"end":{"line":45,"column":19}},"21":{"start":{"line":48,"column":16},"end":{"line":48,"column":40}},"22":{"start":{"line":50,"column":16},"end":{"line":53,"column":17}},"23":{"start":{"line":51,"column":18},"end":{"line":51,"column":37}},"24":{"start":{"line":52,"column":18},"end":{"line":52,"column":24}},"25":{"start":{"line":55,"column":16},"end":{"line":57,"column":20}},"26":{"start":{"line":60,"column":16},"end":{"line":109,"column":21}},"27":{"start":{"line":61,"column":29},"end":{"line":104,"column":21}},"28":{"start":{"line":63,"column":20},"end":{"line":103,"column":32}},"29":{"start":{"line":64,"column":22},"end":{"line":102,"column":23}},"30":{"start":{"line":65,"column":24},"end":{"line":101,"column":25}},"31":{"start":{"line":67,"column":28},"end":{"line":70,"column":29}},"32":{"start":{"line":68,"column":30},"end":{"line":68,"column":48}},"33":{"start":{"line":69,"column":30},"end":{"line":69,"column":36}},"34":{"start":{"line":72,"column":28},"end":{"line":72,"column":38}},"35":{"start":{"line":75,"column":28},"end":{"line":80,"column":31}},"36":{"start":{"line":81,"column":28},"end":{"line":81,"column":46}},"37":{"start":{"line":82,"column":28},"end":{"line":82,"column":50}},"38":{"start":{"line":85,"column":28},"end":{"line":85,"column":49}},"39":{"start":{"line":86,"column":28},"end":{"line":92,"column":31}},"40":{"start":{"line":93,"column":28},"end":{"line":96,"column":32}},"41":{"start":{"line":100,"column":28},"end":{"line":100,"column":51}},"42":{"start":{"line":106,"column":18},"end":{"line":108,"column":20}},"43":{"start":{"line":107,"column":20},"end":{"line":107,"column":55}},"44":{"start":{"line":112,"column":16},"end":{"line":112,"column":36}},"45":{"start":{"line":113,"column":16},"end":{"line":113,"column":22}},"46":{"start":{"line":116,"column":16},"end":{"line":116,"column":36}},"47":{"start":{"line":117,"column":16},"end":{"line":117,"column":53}},"48":{"start":{"line":118,"column":16},"end":{"line":120,"column":20}},"49":{"start":{"line":124,"column":16},"end":{"line":124,"column":40}},"50":{"start":{"line":131,"column":8},"end":{"line":131,"column":50}},"51":{"start":{"line":134,"column":6},"end":{"line":134,"column":24}},"52":{"start":{"line":140,"column":19},"end":{"line":228,"column":9}},"53":{"start":{"line":142,"column":8},"end":{"line":227,"column":38}},"54":{"start":{"line":143,"column":10},"end":{"line":226,"column":11}},"55":{"start":{"line":144,"column":12},"end":{"line":225,"column":13}},"56":{"start":{"line":146,"column":16},"end":{"line":146,"column":35}},"57":{"start":{"line":147,"column":16},"end":{"line":147,"column":35}},"58":{"start":{"line":148,"column":16},"end":{"line":150,"column":26}},"59":{"start":{"line":153,"column":16},"end":{"line":153,"column":38}},"60":{"start":{"line":155,"column":16},"end":{"line":158,"column":17}},"61":{"start":{"line":156,"column":18},"end":{"line":156,"column":37}},"62":{"start":{"line":157,"column":18},"end":{"line":157,"column":24}},"63":{"start":{"line":160,"column":16},"end":{"line":201,"column":21}},"64":{"start":{"line":161,"column":30},"end":{"line":196,"column":21}},"65":{"start":{"line":163,"column":20},"end":{"line":195,"column":33}},"66":{"start":{"line":164,"column":22},"end":{"line":194,"column":23}},"67":{"start":{"line":165,"column":24},"end":{"line":193,"column":25}},"68":{"start":{"line":167,"column":28},"end":{"line":170,"column":29}},"69":{"start":{"line":168,"column":30},"end":{"line":168,"column":49}},"70":{"start":{"line":169,"column":30},"end":{"line":169,"column":36}},"71":{"start":{"line":172,"column":28},"end":{"line":178,"column":31}},"72":{"start":{"line":179,"column":28},"end":{"line":183,"column":32}},"73":{"start":{"line":186,"column":28},"end":{"line":188,"column":32}},"74":{"start":{"line":192,"column":28},"end":{"line":192,"column":52}},"75":{"start":{"line":198,"column":18},"end":{"line":200,"column":20}},"76":{"start":{"line":199,"column":20},"end":{"line":199,"column":56}},"77":{"start":{"line":203,"column":16},"end":{"line":203,"column":35}},"78":{"start":{"line":204,"column":16},"end":{"line":204,"column":22}},"79":{"start":{"line":207,"column":16},"end":{"line":209,"column":20}},"80":{"start":{"line":212,"column":16},"end":{"line":212,"column":36}},"81":{"start":{"line":213,"column":16},"end":{"line":213,"column":22}},"82":{"start":{"line":216,"column":16},"end":{"line":216,"column":36}},"83":{"start":{"line":217,"column":16},"end":{"line":217,"column":53}},"84":{"start":{"line":218,"column":16},"end":{"line":220,"column":20}},"85":{"start":{"line":224,"column":16},"end":{"line":224,"column":40}},"86":{"start":{"line":231,"column":8},"end":{"line":231,"column":45}},"87":{"start":{"line":234,"column":6},"end":{"line":234,"column":19}},"88":{"start":{"line":237,"column":2},"end":{"line":237,"column":25}},"89":{"start":{"line":240,"column":0},"end":{"line":240,"column":37}}},"fnMap":{"0":{"name":"(anonymous_0)","decl":{"start":{"line":26,"column":35},"end":{"line":26,"column":36}},"loc":{"start":{"line":26,"column":47},"end":{"line":238,"column":1}},"line":26},"1":{"name":"usersController","decl":{"start":{"line":27,"column":11},"end":{"line":27,"column":26}},"loc":{"start":{"line":27,"column":29},"end":{"line":29,"column":3}},"line":27},"2":{"name":"(anonymous_2)","decl":{"start":{"line":34,"column":11},"end":{"line":34,"column":12}},"loc":{"start":{"line":34,"column":23},"end":{"line":135,"column":5}},"line":34},"3":{"name":"_callee2","decl":{"start":{"line":35,"column":111},"end":{"line":35,"column":119}},"loc":{"start":{"line":35,"column":130},"end":{"line":128,"column":7}},"line":35},"4":{"name":"_callee2$","decl":{"start":{"line":37,"column":53},"end":{"line":37,"column":62}},"loc":{"start":{"line":37,"column":74},"end":{"line":127,"column":9}},"line":37},"5":{"name":"(anonymous_5)","decl":{"start":{"line":60,"column":76},"end":{"line":60,"column":77}},"loc":{"start":{"line":60,"column":88},"end":{"line":109,"column":17}},"line":60},"6":{"name":"_callee","decl":{"start":{"line":61,"column":116},"end":{"line":61,"column":123}},"loc":{"start":{"line":61,"column":135},"end":{"line":104,"column":19}},"line":61},"7":{"name":"_callee$","decl":{"start":{"line":63,"column":65},"end":{"line":63,"column":73}},"loc":{"start":{"line":63,"column":84},"end":{"line":103,"column":21}},"line":63},"8":{"name":"(anonymous_8)","decl":{"start":{"line":106,"column":25},"end":{"line":106,"column":26}},"loc":{"start":{"line":106,"column":45},"end":{"line":108,"column":19}},"line":106},"9":{"name":"createUser","decl":{"start":{"line":130,"column":15},"end":{"line":130,"column":25}},"loc":{"start":{"line":130,"column":35},"end":{"line":132,"column":7}},"line":130},"10":{"name":"(anonymous_10)","decl":{"start":{"line":139,"column":11},"end":{"line":139,"column":12}},"loc":{"start":{"line":139,"column":23},"end":{"line":235,"column":5}},"line":139},"11":{"name":"_callee4","decl":{"start":{"line":140,"column":106},"end":{"line":140,"column":114}},"loc":{"start":{"line":140,"column":125},"end":{"line":228,"column":7}},"line":140},"12":{"name":"_callee4$","decl":{"start":{"line":142,"column":53},"end":{"line":142,"column":62}},"loc":{"start":{"line":142,"column":74},"end":{"line":227,"column":9}},"line":142},"13":{"name":"(anonymous_13)","decl":{"start":{"line":160,"column":90},"end":{"line":160,"column":91}},"loc":{"start":{"line":160,"column":102},"end":{"line":201,"column":17}},"line":160},"14":{"name":"_callee3","decl":{"start":{"line":161,"column":117},"end":{"line":161,"column":125}},"loc":{"start":{"line":161,"column":139},"end":{"line":196,"column":19}},"line":161},"15":{"name":"_callee3$","decl":{"start":{"line":163,"column":65},"end":{"line":163,"column":74}},"loc":{"start":{"line":163,"column":86},"end":{"line":195,"column":21}},"line":163},"16":{"name":"(anonymous_16)","decl":{"start":{"line":198,"column":25},"end":{"line":198,"column":26}},"loc":{"start":{"line":198,"column":45},"end":{"line":200,"column":19}},"line":198},"17":{"name":"login","decl":{"start":{"line":230,"column":15},"end":{"line":230,"column":20}},"loc":{"start":{"line":230,"column":31},"end":{"line":232,"column":7}},"line":230}},"branchMap":{"0":{"loc":{"start":{"line":39,"column":12},"end":{"line":125,"column":13}},"type":"switch","locations":[{"start":{"line":40,"column":14},"end":{"line":45,"column":19}},{"start":{"line":47,"column":14},"end":{"line":57,"column":20}},{"start":{"line":59,"column":14},"end":{"line":109,"column":21}},{"start":{"line":111,"column":14},"end":{"line":113,"column":22}},{"start":{"line":115,"column":14},"end":{"line":120,"column":20}},{"start":{"line":122,"column":14},"end":{"line":122,"column":22}},{"start":{"line":123,"column":14},"end":{"line":124,"column":40}}],"line":39},"1":{"loc":{"start":{"line":50,"column":16},"end":{"line":53,"column":17}},"type":"if","locations":[{"start":{"line":50,"column":16},"end":{"line":53,"column":17}},{"start":{"line":50,"column":16},"end":{"line":53,"column":17}}],"line":50},"2":{"loc":{"start":{"line":65,"column":24},"end":{"line":101,"column":25}},"type":"switch","locations":[{"start":{"line":66,"column":26},"end":{"line":72,"column":38}},{"start":{"line":74,"column":26},"end":{"line":82,"column":50}},{"start":{"line":84,"column":26},"end":{"line":96,"column":32}},{"start":{"line":98,"column":26},"end":{"line":98,"column":34}},{"start":{"line":99,"column":26},"end":{"line":100,"column":51}}],"line":65},"3":{"loc":{"start":{"line":67,"column":28},"end":{"line":70,"column":29}},"type":"if","locations":[{"start":{"line":67,"column":28},"end":{"line":70,"column":29}},{"start":{"line":67,"column":28},"end":{"line":70,"column":29}}],"line":67},"4":{"loc":{"start":{"line":144,"column":12},"end":{"line":225,"column":13}},"type":"switch","locations":[{"start":{"line":145,"column":14},"end":{"line":150,"column":26}},{"start":{"line":152,"column":14},"end":{"line":204,"column":22}},{"start":{"line":206,"column":14},"end":{"line":209,"column":20}},{"start":{"line":211,"column":14},"end":{"line":213,"column":22}},{"start":{"line":215,"column":14},"end":{"line":220,"column":20}},{"start":{"line":222,"column":14},"end":{"line":222,"column":22}},{"start":{"line":223,"column":14},"end":{"line":224,"column":40}}],"line":144},"5":{"loc":{"start":{"line":155,"column":16},"end":{"line":158,"column":17}},"type":"if","locations":[{"start":{"line":155,"column":16},"end":{"line":158,"column":17}},{"start":{"line":155,"column":16},"end":{"line":158,"column":17}}],"line":155},"6":{"loc":{"start":{"line":165,"column":24},"end":{"line":193,"column":25}},"type":"switch","locations":[{"start":{"line":166,"column":26},"end":{"line":183,"column":32}},{"start":{"line":185,"column":26},"end":{"line":188,"column":32}},{"start":{"line":190,"column":26},"end":{"line":190,"column":33}},{"start":{"line":191,"column":26},"end":{"line":192,"column":52}}],"line":165},"7":{"loc":{"start":{"line":167,"column":28},"end":{"line":170,"column":29}},"type":"if","locations":[{"start":{"line":167,"column":28},"end":{"line":170,"column":29}},{"start":{"line":167,"column":28},"end":{"line":170,"column":29}}],"line":167}},"s":{"0":1,"1":1,"2":1,"3":1,"4":1,"5":1,"6":1,"7":1,"8":1,"9":1,"10":1,"11":1,"12":0,"13":1,"14":1,"15":0,"16":0,"17":0,"18":0,"19":0,"20":0,"21":0,"22":0,"23":0,"24":0,"25":0,"26":0,"27":0,"28":0,"29":0,"30":0,"31":0,"32":0,"33":0,"34":0,"35":0,"36":0,"37":0,"38":0,"39":0,"40":0,"41":0,"42":0,"43":0,"44":0,"45":0,"46":0,"47":0,"48":0,"49":0,"50":0,"51":1,"52":1,"53":0,"54":0,"55":0,"56":0,"57":0,"58":0,"59":0,"60":0,"61":0,"62":0,"63":0,"64":0,"65":0,"66":0,"67":0,"68":0,"69":0,"70":0,"71":0,"72":0,"73":0,"74":0,"75":0,"76":0,"77":0,"78":0,"79":0,"80":0,"81":0,"82":0,"83":0,"84":0,"85":0,"86":0,"87":1,"88":1,"89":1},"f":{"0":1,"1":0,"2":1,"3":0,"4":0,"5":0,"6":0,"7":0,"8":0,"9":0,"10":1,"11":0,"12":0,"13":0,"14":0,"15":0,"16":0,"17":0},"b":{"0":[0,0,0,0,0,0,0],"1":[0,0],"2":[0,0,0,0,0],"3":[0,0],"4":[0,0,0,0,0,0,0],"5":[0,0],"6":[0,0,0,0],"7":[0,0]},"inputSourceMap":{"version":3,"sources":["userControler.js"],"names":["usersController","req","res","User","findOne","email","body","result","status","json","error","bcrypt","hash","password","err","NewUser","_id","mongoose","Types","ObjectId","name","save","resp","token","jwt","sign","adminRole","process","env","JWT_KEY","expiresIn","message","exec","user","compare"],"mappings":";;;;;;;;;;;;;;;;;AAAA;;AACA;;AACA;;AACA;;IACqBA,e;;;;;;;AACjB;;wHACwBC,G,EAAKC,G;;;;;;;;uBAEDC,sBAAKC,OAAL,CAAa;AAAEC,kBAAAA,KAAK,EAAEJ,GAAG,CAACK,IAAJ,CAASD;AAAlB,iBAAb,C;;;AAAfE,gBAAAA,M;;qBACDA,M;;;;;kDACOL,GAAG,CAACM,MAAJ,CAAW,GAAX,EAAgBC,IAAhB,CAAqB;AAAEC,kBAAAA,KAAK,EAAE;AAAT,iBAArB,C;;;AAGNC,mCAAOC,IAAP,CAAYX,GAAG,CAACK,IAAJ,CAASO,QAArB,EAA+B,EAA/B;AAAA,2GAAmC,iBAAMC,GAAN,EAAWF,IAAX;AAAA;AAAA;AAAA;AAAA;AAAA;AAAA,iCAC5BE,GAD4B;AAAA;AAAA;AAAA;;AAAA,kCAEtBA,GAFsB;;AAAA;AAItBC,4BAAAA,OAJsB,GAIZ,IAAIZ,qBAAJ,CAAS;AACrBa,8BAAAA,GAAG,EAAC,IAAIC,qBAASC,KAAT,CAAeC,QAAnB,EADiB;AAErBC,8BAAAA,IAAI,EAAEnB,GAAG,CAACK,IAAJ,CAASc,IAFM;AAGrBf,8BAAAA,KAAK,EAAEJ,GAAG,CAACK,IAAJ,CAASD,KAHK;AAIrBQ,8BAAAA,QAAQ,EAAED;AAJW,6BAAT,CAJY;AAAA;AAAA,mCAUTG,OAAO,CAACM,IAAR,EAVS;;AAAA;AAUtBC,4BAAAA,IAVsB;AAWlBC,4BAAAA,KAXkB,GAWVC,yBAAIC,IAAJ,CAAS;AACnBpB,8BAAAA,KAAK,EAAEiB,IAAI,CAACjB,KADO;AAEnBqB,8BAAAA,SAAS,EAAEJ,IAAI,CAACI,SAFG;AAGnBV,8BAAAA,GAAG,EAACM,IAAI,CAACN;AAHU,6BAAT,EAIXW,OAAO,CAACC,GAAR,CAAYC,OAJD,EAIU;AAAEC,8BAAAA,SAAS,EAAE;AAAb,6BAJV,CAXU;AAAA,6DAgBjB5B,GAAG,CAACM,MAAJ,CAAW,GAAX,EAAgBC,IAAhB,CAAqB;AAAEsB,8BAAAA,OAAO,EAAE,aAAX;AAA0BR,8BAAAA,KAAK,EAAEA;AAAjC,6BAArB,CAhBiB;;AAAA;AAAA;AAAA;AAAA;AAAA;AAAA;AAAA,mBAAnC;;AAAA;AAAA;AAAA;AAAA;;;;;;;;;kDAyBCrB,GAAG,CAACM,MAAJ,CAAW,GAAX,EAAgBC,IAAhB,CAAqB;AAAEC,kBAAAA,KAAK,EAAE,aAAMqB;AAAf,iBAArB,C;;;;;;;;;;;;;;;QAMd;;;;;mHACmB9B,G,EAAIC,G;;;;;;;;uBAEKC,sBAAKC,OAAL,CAAa;AAACC,kBAAAA,KAAK,EAACJ,GAAG,CAACK,IAAJ,CAASD;AAAhB,iBAAb,EAAqC2B,IAArC,E;;;AAAZC,gBAAAA,I;;qBAELA,I;;;;;AACCtB,mCAAOuB,OAAP,CAAejC,GAAG,CAACK,IAAJ,CAASO,QAAxB,EAAiCoB,IAAI,CAACpB,QAAtC;AAAA,4GAA+C,kBAAMC,GAAN,EAAUP,MAAV;AAAA;AAAA;AAAA;AAAA;AAAA;AAAA,iCACxCA,MADwC;AAAA;AAAA;AAAA;;AAEjCgB,4BAAAA,KAFiC,GAEzBC,yBAAIC,IAAJ,CAAS;AACnBpB,8BAAAA,KAAK,EAAE4B,IAAI,CAAC5B,KADO;AAEnBqB,8BAAAA,SAAS,EAAEO,IAAI,CAACP,SAFG;AAGnBV,8BAAAA,GAAG,EAACiB,IAAI,CAACjB;AAHU,6BAAT,EAIXW,OAAO,CAACC,GAAR,CAAYC,OAJD,EAIU;AAAEC,8BAAAA,SAAS,EAAE;AAAb,6BAJV,CAFyB;AAAA,8DAOhC5B,GAAG,CAACM,MAAJ,CAAW,GAAX,EAAgBC,IAAhB,CAAqB;AAAEsB,8BAAAA,OAAO,EAAE,WAAX;AAAuBL,8BAAAA,SAAS,EAAEO,IAAI,CAACP,SAAvC;AAAkDH,8BAAAA,KAAK,EAAEA;AAAzD,6BAArB,CAPgC;;AAAA;AAAA,8DAUhCrB,GAAG,CAACM,MAAJ,CAAW,GAAX,EAAgBC,IAAhB,CAAqB;AAAEC,8BAAAA,KAAK,EAAE;AAAT,6BAArB,CAVgC;;AAAA;AAAA;AAAA;AAAA;AAAA;AAAA;AAAA,mBAA/C;;AAAA;AAAA;AAAA;AAAA;;;;;;kDAcMR,GAAG,CAACM,MAAJ,CAAW,GAAX,EAAgBC,IAAhB,CAAqB;AAAEC,kBAAAA,KAAK,EAAE;AAAT,iBAArB,C;;;;;;;;;kDAMHR,GAAG,CAACM,MAAJ,CAAW,GAAX,EAAgBC,IAAhB,CAAqB;AAAEC,kBAAAA,KAAK,EAAE,aAAMqB;AAAf,iBAArB,C","sourceRoot":"/home/heir/Desktop/backup/server/controllers/","sourcesContent":["import User from '../models/userModel'\nimport jwt from 'jsonwebtoken'\nimport mongoose from 'mongoose'\nimport bcrypt from 'bcrypt'\nexport default class usersController {\n    // creating  user\n    static async createUser(req, res) {\n        try{\n           const result = await User.findOne({ email: req.body.email });\n            if (result) {\n                return res.status(409).json({ error: 'Email used' });\n            } else {\n               \n                 bcrypt.hash(req.body.password, 10, async(err, hash) => {\n                    if (err) {\n                        throw err;\n                    } else {\n                        const NewUser = new User({\n                            _id:new mongoose.Types.ObjectId(),\n                            name: req.body.name,\n                            email: req.body.email,\n                            password: hash\n                        });\n                        const resp = await NewUser.save();\n                            const token = jwt.sign({\n                                email: resp.email,\n                                adminRole: resp.adminRole,\n                                _id:resp._id\n                            }, process.env.JWT_KEY, { expiresIn: \"1h\" })\n                            return res.status(201).json({ message: \"registered!\", token: token });\n                        \n                    }\n                });\n            }\n        \n\n        }catch(error){\n            \n           return res.status(500).json({ error: error.message });\n        \n\n        }\n\n    }\n    // logging user  in\n    static async login(req,res){\n        try{\n              const user= await User.findOne({email:req.body.email}).exec();\n            \n            if(user){\n                bcrypt.compare(req.body.password,user.password,async(err,result)=>{\n                    if(result){\n                        const token = jwt.sign({\n                            email: user.email,\n                            adminRole: user.adminRole,\n                            _id:user._id\n                        }, process.env.JWT_KEY, { expiresIn: \"1h\" });\n                        return res.status(200).json({ message: \"loggedIn!\",adminRole: user.adminRole, token: token });\n                       \n                    }else{\n                        return res.status(401).json({ error: 'Invalid cridential'});\n                    }\n                });\n            }else{\n               return res.status(401).json({ error: 'Invalid cridential'});\n            }\n        \n\n        }catch(error){\n\n            return res.status(500).json({ error: error.message });\n\n        }\n      \n    }\n}"]},"_coverageSchema":"1a1c01bbd47fc00a2c39e90264f33305004495a9","hash":"595248476069ae4eb8ecffc229ab24a882afb1f8","contentHash":"f4937fd1e56851aebd5a69427c4451d433ecc8f17047372fac82dc3fbe753c69"},"/home/heir/Desktop/backup/server/models/userModel.js":{"path":"/home/heir/Desktop/backup/server/models/userModel.js","statementMap":{"0":{"start":{"line":3,"column":30},"end":{"line":3,"column":86}},"1":{"start":{"line":5,"column":16},"end":{"line":5,"column":60}},"2":{"start":{"line":7,"column":18},"end":{"line":30,"column":2}},"3":{"start":{"line":32,"column":0},"end":{"line":32,"column":65}}},"fnMap":{},"branchMap":{},"s":{"0":1,"1":1,"2":1,"3":1},"f":{},"b":{},"inputSourceMap":{"version":3,"sources":["userModel.js"],"names":["usersSchema","mongoose","Schema","_id","Types","ObjectId","email","type","String","required","unique","name","password","adminRole","Boolean","verified","module","exports","model"],"mappings":";;;;AAAA;;AAEA,IAAMA,WAAW,GAAEC,qBAASC,MAAT,CAAgB;AAC/BC,EAAAA,GAAG,EAACF,qBAASC,MAAT,CAAgBE,KAAhB,CAAsBC,QADK;AAE/BC,EAAAA,KAAK,EAAC;AAACC,IAAAA,IAAI,EAACC,MAAN;AAAaC,IAAAA,QAAQ,EAAC,IAAtB;AAA2BC,IAAAA,MAAM,EAAC;AAAlC,GAFyB;AAG/BC,EAAAA,IAAI,EAAC;AAACJ,IAAAA,IAAI,EAACC,MAAN;AAAaC,IAAAA,QAAQ,EAAC;AAAtB,GAH0B;AAI/BG,EAAAA,QAAQ,EAAC;AAACL,IAAAA,IAAI,EAACC,MAAN;AAAaC,IAAAA,QAAQ,EAAC;AAAtB,GAJsB;AAK/BI,EAAAA,SAAS,EAAC;AAACN,IAAAA,IAAI,EAACO,OAAN;AAAc,eAAQ;AAAtB,GALqB;AAM/BC,EAAAA,QAAQ,EAAC;AAACR,IAAAA,IAAI,EAACO,OAAN;AAAc,eAAQ;AAAtB;AANsB,CAAhB,CAAnB;;AASAE,MAAM,CAACC,OAAP,GAAehB,qBAASiB,KAAT,CAAe,MAAf,EAAsBlB,WAAtB,CAAf","sourceRoot":"/home/heir/Desktop/backup/server/models/","sourcesContent":["import mongoose,{schema} from 'mongoose'\n\nconst usersSchema =mongoose.Schema({\n    _id:mongoose.Schema.Types.ObjectId,\n    email:{type:String,required:true,unique:true},\n    name:{type:String,required:true},\n    password:{type:String,required:true},\n    adminRole:{type:Boolean,default:false},\n    verified:{type:Boolean,default:false}\n\n})\nmodule.exports=mongoose.model('User',usersSchema)"]},"_coverageSchema":"1a1c01bbd47fc00a2c39e90264f33305004495a9","hash":"e7169c155a74a09ae1b6d20d2109f40f65cbc589","contentHash":"6f1616e4cfd0da9d9a93e60f7532ecceba93481ae50c3339f6d8fc8478e56080"},"/home/heir/Desktop/backup/server/routes/blog.js":{"path":"/home/heir/Desktop/backup/server/routes/blog.js","statementMap":{"0":{"start":{"line":3,"column":29},"end":{"line":3,"column":84}},"1":{"start":{"line":5,"column":15},"end":{"line":5,"column":57}},"2":{"start":{"line":7,"column":22},"end":{"line":7,"column":86}},"3":{"start":{"line":9,"column":17},"end":{"line":9,"column":76}},"4":{"start":{"line":11,"column":14},"end":{"line":11,"column":55}},"5":{"start":{"line":13,"column":18},"end":{"line":13,"column":77}},"6":{"start":{"line":15,"column":13},"end":{"line":15,"column":41}},"7":{"start":{"line":17,"column":14},"end":{"line":24,"column":2}},"8":{"start":{"line":19,"column":4},"end":{"line":19,"column":25}},"9":{"start":{"line":22,"column":4},"end":{"line":22,"column":45}},"10":{"start":{"line":26,"column":13},"end":{"line":28,"column":2}},"11":{"start":{"line":29,"column":0},"end":{"line":29,"column":51}},"12":{"start":{"line":30,"column":0},"end":{"line":30,"column":96}},"13":{"start":{"line":31,"column":0},"end":{"line":31,"column":107}},"14":{"start":{"line":32,"column":0},"end":{"line":32,"column":79}},"15":{"start":{"line":33,"column":0},"end":{"line":33,"column":111}},"16":{"start":{"line":34,"column":0},"end":{"line":34,"column":114}},"17":{"start":{"line":35,"column":0},"end":{"line":35,"column":24}}},"fnMap":{"0":{"name":"destination","decl":{"start":{"line":18,"column":24},"end":{"line":18,"column":35}},"loc":{"start":{"line":18,"column":51},"end":{"line":20,"column":3}},"line":18},"1":{"name":"filename","decl":{"start":{"line":21,"column":21},"end":{"line":21,"column":29}},"loc":{"start":{"line":21,"column":45},"end":{"line":23,"column":3}},"line":21}},"branchMap":{},"s":{"0":1,"1":1,"2":1,"3":1,"4":1,"5":1,"6":1,"7":1,"8":0,"9":0,"10":1,"11":1,"12":1,"13":1,"14":1,"15":1,"16":1,"17":1},"f":{"0":0,"1":0},"b":{},"inputSourceMap":{"version":3,"sources":["blog.js"],"names":["router","express","Router","storage","multer","diskStorage","destination","req","file","cb","filename","Date","now","originalname","upload","get","blogController","getall","post","checkAuth","single","add","patch","singleBlog","updateBlog","oneBlog","deleteBlog","addcomment","module","exports"],"mappings":";;;;AAAA;;AAEA;;AACA;;AACA;;AACA;;AAJA,IAAMA,MAAM,GAAEC,oBAAQC,MAAR,EAAd;;AAKA,IAAMC,OAAO,GAAGC,mBAAOC,WAAP,CAAmB;AAC/BC,EAAAA,WAAW,EAAE,qBAAUC,GAAV,EAAeC,IAAf,EAAqBC,EAArB,EAAyB;AACpCA,IAAAA,EAAE,CAAC,IAAD,EAAO,UAAP,CAAF;AACD,GAH8B;AAI/BC,EAAAA,QAAQ,EAAE,kBAAUH,GAAV,EAAeC,IAAf,EAAqBC,EAArB,EAAyB;AACjCA,IAAAA,EAAE,CAAC,IAAD,EAAME,IAAI,CAACC,GAAL,KAAWJ,IAAI,CAACK,YAAtB,CAAF;AACD;AAN8B,CAAnB,CAAhB;;AAQA,IAAMC,MAAM,GAAG,wBAAO;AAAEX,EAAAA,OAAO,EAAEA;AAAX,CAAP,CAAf;AACAH,MAAM,CAACe,GAAP,CAAW,GAAX,EAAeC,2BAAeC,MAA9B;AACAjB,MAAM,CAACkB,IAAP,CAAY,GAAZ,EAAgBC,qBAAhB,EAA0BL,MAAM,CAACM,MAAP,CAAc,OAAd,CAA1B,EAAiDJ,2BAAeK,GAAhE;AACArB,MAAM,CAACsB,KAAP,CAAa,MAAb,EAAoBH,qBAApB,EAA8BI,sBAA9B,EAAyCP,2BAAeQ,UAAxD;AACAxB,MAAM,CAACe,GAAP,CAAW,MAAX,EAAmBQ,sBAAnB,EAA8BP,2BAAeS,OAA7C;AACAzB,MAAM,UAAN,CAAc,MAAd,EAAqBmB,qBAArB,EAA+BI,sBAA/B,EAA0CP,2BAAeU,UAAzD;AACA1B,MAAM,CAACkB,IAAP,CAAY,cAAZ,EAA2BC,qBAA3B,EAAqCI,sBAArC,EAAgDP,2BAAeW,UAA/D;AAYAC,MAAM,CAACC,OAAP,GAAe7B,MAAf","sourceRoot":"/home/heir/Desktop/backup/server/routes/","sourcesContent":["import express  from 'express'\nconst router= express.Router()\nimport blogController from '../controllers/blogController'\nimport  checkAuth  from '../middleware/check-auth'\nimport multer from 'multer'\nimport singleBlog from '../middleware/singleBlog'\nconst storage = multer.diskStorage({\n    destination: function (req, file, cb) {\n      cb(null, 'uploads/')\n    },\n    filename: function (req, file, cb) {\n      cb(null,Date.now()+file.originalname)\n    }\n  })\nconst upload = multer({ storage: storage })\nrouter.get('/',blogController.getall)\nrouter.post('/',checkAuth,upload.single('image'),blogController.add)\nrouter.patch('/:id',checkAuth,singleBlog,blogController.updateBlog)\nrouter.get('/:id', singleBlog,blogController.oneBlog)\nrouter.delete('/:id',checkAuth,singleBlog,blogController.deleteBlog)\nrouter.post('/:id/comment',checkAuth,singleBlog,blogController.addcomment)\n\n\n\n\n\n\n\n\n\n\n\nmodule.exports=router"]},"_coverageSchema":"1a1c01bbd47fc00a2c39e90264f33305004495a9","hash":"453ee701be120d668b79f5cc4842fb4764cb1931","contentHash":"abb63aa1e67ffce3fd6311194c0b71fc8a1fc5ffa08943c3dfad99d59472724e"},"/home/heir/Desktop/backup/server/controllers/blogController.js":{"path":"/home/heir/Desktop/backup/server/controllers/blogController.js","statementMap":{"0":{"start":{"line":3,"column":29},"end":{"line":3,"column":84}},"1":{"start":{"line":5,"column":0},"end":{"line":7,"column":3}},"2":{"start":{"line":8,"column":0},"end":{"line":8,"column":28}},"3":{"start":{"line":10,"column":19},"end":{"line":10,"column":80}},"4":{"start":{"line":12,"column":25},"end":{"line":12,"column":99}},"5":{"start":{"line":14,"column":23},"end":{"line":14,"column":95}},"6":{"start":{"line":16,"column":20},"end":{"line":16,"column":89}},"7":{"start":{"line":18,"column":13},"end":{"line":18,"column":63}},"8":{"start":{"line":20,"column":16},"end":{"line":20,"column":69}},"9":{"start":{"line":22,"column":16},"end":{"line":22,"column":59}},"10":{"start":{"line":24,"column":34},"end":{"line":335,"column":3}},"11":{"start":{"line":26,"column":4},"end":{"line":26,"column":59}},"12":{"start":{"line":29,"column":2},"end":{"line":333,"column":6}},"13":{"start":{"line":32,"column":20},"end":{"line":63,"column":9}},"14":{"start":{"line":34,"column":8},"end":{"line":62,"column":36}},"15":{"start":{"line":35,"column":10},"end":{"line":61,"column":11}},"16":{"start":{"line":36,"column":12},"end":{"line":60,"column":13}},"17":{"start":{"line":38,"column":16},"end":{"line":38,"column":34}},"18":{"start":{"line":39,"column":16},"end":{"line":39,"column":34}},"19":{"start":{"line":40,"column":16},"end":{"line":40,"column":119}},"20":{"start":{"line":43,"column":16},"end":{"line":43,"column":37}},"21":{"start":{"line":44,"column":16},"end":{"line":46,"column":19}},"22":{"start":{"line":47,"column":16},"end":{"line":47,"column":35}},"23":{"start":{"line":48,"column":16},"end":{"line":48,"column":22}},"24":{"start":{"line":51,"column":16},"end":{"line":51,"column":34}},"25":{"start":{"line":52,"column":16},"end":{"line":52,"column":51}},"26":{"start":{"line":53,"column":16},"end":{"line":55,"column":20}},"27":{"start":{"line":59,"column":16},"end":{"line":59,"column":39}},"28":{"start":{"line":66,"column":8},"end":{"line":66,"column":46}},"29":{"start":{"line":69,"column":6},"end":{"line":69,"column":20}},"30":{"start":{"line":74,"column":17},"end":{"line":113,"column":9}},"31":{"start":{"line":76,"column":8},"end":{"line":112,"column":37}},"32":{"start":{"line":77,"column":10},"end":{"line":111,"column":11}},"33":{"start":{"line":78,"column":12},"end":{"line":110,"column":13}},"34":{"start":{"line":80,"column":16},"end":{"line":80,"column":35}},"35":{"start":{"line":81,"column":16},"end":{"line":81,"column":38}},"36":{"start":{"line":82,"column":16},"end":{"line":87,"column":19}},"37":{"start":{"line":88,"column":16},"end":{"line":88,"column":35}},"38":{"start":{"line":89,"column":16},"end":{"line":89,"column":35}},"39":{"start":{"line":92,"column":16},"end":{"line":92,"column":35}},"40":{"start":{"line":93,"column":16},"end":{"line":93,"column":55}},"41":{"start":{"line":96,"column":16},"end":{"line":96,"column":36}},"42":{"start":{"line":97,"column":16},"end":{"line":97,"column":22}},"43":{"start":{"line":100,"column":16},"end":{"line":100,"column":35}},"44":{"start":{"line":101,"column":16},"end":{"line":101,"column":53}},"45":{"start":{"line":102,"column":16},"end":{"line":104,"column":19}},"46":{"start":{"line":105,"column":16},"end":{"line":105,"column":50}},"47":{"start":{"line":109,"column":16},"end":{"line":109,"column":40}},"48":{"start":{"line":116,"column":8},"end":{"line":116,"column":43}},"49":{"start":{"line":119,"column":6},"end":{"line":119,"column":17}},"50":{"start":{"line":124,"column":24},"end":{"line":156,"column":9}},"51":{"start":{"line":125,"column":8},"end":{"line":155,"column":37}},"52":{"start":{"line":126,"column":10},"end":{"line":154,"column":11}},"53":{"start":{"line":127,"column":12},"end":{"line":153,"column":13}},"54":{"start":{"line":129,"column":16},"end":{"line":129,"column":35}},"55":{"start":{"line":130,"column":16},"end":{"line":130,"column":35}},"56":{"start":{"line":131,"column":16},"end":{"line":133,"column":19}},"57":{"start":{"line":136,"column":16},"end":{"line":136,"column":35}},"58":{"start":{"line":137,"column":16},"end":{"line":137,"column":55}},"59":{"start":{"line":140,"column":16},"end":{"line":140,"column":36}},"60":{"start":{"line":141,"column":16},"end":{"line":141,"column":22}},"61":{"start":{"line":144,"column":16},"end":{"line":144,"column":35}},"62":{"start":{"line":145,"column":16},"end":{"line":145,"column":53}},"63":{"start":{"line":146,"column":16},"end":{"line":148,"column":20}},"64":{"start":{"line":152,"column":16},"end":{"line":152,"column":40}},"65":{"start":{"line":159,"column":8},"end":{"line":159,"column":50}},"66":{"start":{"line":162,"column":6},"end":{"line":162,"column":24}},"67":{"start":{"line":167,"column":24},"end":{"line":207,"column":9}},"68":{"start":{"line":170,"column":8},"end":{"line":206,"column":37}},"69":{"start":{"line":171,"column":10},"end":{"line":205,"column":11}},"70":{"start":{"line":172,"column":12},"end":{"line":204,"column":13}},"71":{"start":{"line":174,"column":16},"end":{"line":174,"column":35}},"72":{"start":{"line":175,"column":16},"end":{"line":175,"column":28}},"73":{"start":{"line":177,"column":16},"end":{"line":180,"column":17}},"74":{"start":{"line":178,"column":18},"end":{"line":178,"column":43}},"75":{"start":{"line":179,"column":18},"end":{"line":179,"column":40}},"76":{"start":{"line":182,"column":16},"end":{"line":182,"column":35}},"77":{"start":{"line":183,"column":16},"end":{"line":187,"column":19}},"78":{"start":{"line":190,"column":16},"end":{"line":192,"column":20}},"79":{"start":{"line":195,"column":16},"end":{"line":195,"column":35}},"80":{"start":{"line":196,"column":16},"end":{"line":196,"column":53}},"81":{"start":{"line":197,"column":16},"end":{"line":199,"column":20}},"82":{"start":{"line":203,"column":16},"end":{"line":203,"column":40}},"83":{"start":{"line":210,"column":8},"end":{"line":210,"column":50}},"84":{"start":{"line":213,"column":6},"end":{"line":213,"column":24}},"85":{"start":{"line":218,"column":21},"end":{"line":267,"column":9}},"86":{"start":{"line":220,"column":8},"end":{"line":266,"column":38}},"87":{"start":{"line":221,"column":10},"end":{"line":265,"column":11}},"88":{"start":{"line":222,"column":12},"end":{"line":264,"column":13}},"89":{"start":{"line":224,"column":16},"end":{"line":224,"column":35}},"90":{"start":{"line":225,"column":16},"end":{"line":225,"column":34}},"91":{"start":{"line":226,"column":16},"end":{"line":226,"column":53}},"92":{"start":{"line":227,"column":16},"end":{"line":227,"column":35}},"93":{"start":{"line":228,"column":16},"end":{"line":234,"column":19}},"94":{"start":{"line":237,"column":16},"end":{"line":237,"column":35}},"95":{"start":{"line":238,"column":16},"end":{"line":240,"column":57}},"96":{"start":{"line":243,"column":16},"end":{"line":243,"column":46}},"97":{"start":{"line":244,"column":16},"end":{"line":252,"column":20}},"98":{"start":{"line":247,"column":20},"end":{"line":250,"column":22}},"99":{"start":{"line":255,"column":16},"end":{"line":255,"column":36}},"100":{"start":{"line":256,"column":16},"end":{"line":256,"column":53}},"101":{"start":{"line":257,"column":16},"end":{"line":259,"column":20}},"102":{"start":{"line":263,"column":16},"end":{"line":263,"column":40}},"103":{"start":{"line":270,"column":8},"end":{"line":270,"column":47}},"104":{"start":{"line":273,"column":6},"end":{"line":273,"column":21}},"105":{"start":{"line":278,"column":24},"end":{"line":325,"column":9}},"106":{"start":{"line":280,"column":8},"end":{"line":324,"column":38}},"107":{"start":{"line":281,"column":10},"end":{"line":323,"column":11}},"108":{"start":{"line":282,"column":12},"end":{"line":322,"column":13}},"109":{"start":{"line":284,"column":16},"end":{"line":284,"column":35}},"110":{"start":{"line":285,"column":16},"end":{"line":285,"column":36}},"111":{"start":{"line":286,"column":16},"end":{"line":286,"column":40}},"112":{"start":{"line":287,"column":16},"end":{"line":287,"column":59}},"113":{"start":{"line":288,"column":16},"end":{"line":293,"column":19}},"114":{"start":{"line":294,"column":16},"end":{"line":294,"column":35}},"115":{"start":{"line":295,"column":16},"end":{"line":295,"column":38}},"116":{"start":{"line":298,"column":16},"end":{"line":298,"column":35}},"117":{"start":{"line":299,"column":16},"end":{"line":305,"column":19}},"118":{"start":{"line":308,"column":16},"end":{"line":310,"column":20}},"119":{"start":{"line":313,"column":16},"end":{"line":313,"column":36}},"120":{"start":{"line":314,"column":16},"end":{"line":314,"column":53}},"121":{"start":{"line":315,"column":16},"end":{"line":317,"column":20}},"122":{"start":{"line":321,"column":16},"end":{"line":321,"column":40}},"123":{"start":{"line":328,"column":8},"end":{"line":328,"column":50}},"124":{"start":{"line":331,"column":6},"end":{"line":331,"column":24}},"125":{"start":{"line":334,"column":2},"end":{"line":334,"column":24}},"126":{"start":{"line":337,"column":0},"end":{"line":337,"column":36}}},"fnMap":{"0":{"name":"(anonymous_0)","decl":{"start":{"line":24,"column":34},"end":{"line":24,"column":35}},"loc":{"start":{"line":24,"column":46},"end":{"line":335,"column":1}},"line":24},"1":{"name":"blogController","decl":{"start":{"line":25,"column":11},"end":{"line":25,"column":25}},"loc":{"start":{"line":25,"column":28},"end":{"line":27,"column":3}},"line":25},"2":{"name":"(anonymous_2)","decl":{"start":{"line":31,"column":11},"end":{"line":31,"column":12}},"loc":{"start":{"line":31,"column":23},"end":{"line":70,"column":5}},"line":31},"3":{"name":"_callee","decl":{"start":{"line":32,"column":107},"end":{"line":32,"column":114}},"loc":{"start":{"line":32,"column":125},"end":{"line":63,"column":7}},"line":32},"4":{"name":"_callee$","decl":{"start":{"line":34,"column":53},"end":{"line":34,"column":61}},"loc":{"start":{"line":34,"column":72},"end":{"line":62,"column":9}},"line":34},"5":{"name":"getall","decl":{"start":{"line":65,"column":15},"end":{"line":65,"column":21}},"loc":{"start":{"line":65,"column":31},"end":{"line":67,"column":7}},"line":65},"6":{"name":"(anonymous_6)","decl":{"start":{"line":73,"column":11},"end":{"line":73,"column":12}},"loc":{"start":{"line":73,"column":23},"end":{"line":120,"column":5}},"line":73},"7":{"name":"_callee2","decl":{"start":{"line":74,"column":104},"end":{"line":74,"column":112}},"loc":{"start":{"line":74,"column":123},"end":{"line":113,"column":7}},"line":74},"8":{"name":"_callee2$","decl":{"start":{"line":76,"column":53},"end":{"line":76,"column":62}},"loc":{"start":{"line":76,"column":74},"end":{"line":112,"column":9}},"line":76},"9":{"name":"add","decl":{"start":{"line":115,"column":15},"end":{"line":115,"column":18}},"loc":{"start":{"line":115,"column":29},"end":{"line":117,"column":7}},"line":115},"10":{"name":"(anonymous_10)","decl":{"start":{"line":123,"column":11},"end":{"line":123,"column":12}},"loc":{"start":{"line":123,"column":23},"end":{"line":163,"column":5}},"line":123},"11":{"name":"_callee3","decl":{"start":{"line":124,"column":111},"end":{"line":124,"column":119}},"loc":{"start":{"line":124,"column":130},"end":{"line":156,"column":7}},"line":124},"12":{"name":"_callee3$","decl":{"start":{"line":125,"column":53},"end":{"line":125,"column":62}},"loc":{"start":{"line":125,"column":74},"end":{"line":155,"column":9}},"line":125},"13":{"name":"deleteBlog","decl":{"start":{"line":158,"column":15},"end":{"line":158,"column":25}},"loc":{"start":{"line":158,"column":36},"end":{"line":160,"column":7}},"line":158},"14":{"name":"(anonymous_14)","decl":{"start":{"line":166,"column":11},"end":{"line":166,"column":12}},"loc":{"start":{"line":166,"column":23},"end":{"line":214,"column":5}},"line":166},"15":{"name":"_callee4","decl":{"start":{"line":167,"column":111},"end":{"line":167,"column":119}},"loc":{"start":{"line":167,"column":130},"end":{"line":207,"column":7}},"line":167},"16":{"name":"_callee4$","decl":{"start":{"line":170,"column":53},"end":{"line":170,"column":62}},"loc":{"start":{"line":170,"column":74},"end":{"line":206,"column":9}},"line":170},"17":{"name":"updateBlog","decl":{"start":{"line":209,"column":15},"end":{"line":209,"column":25}},"loc":{"start":{"line":209,"column":36},"end":{"line":211,"column":7}},"line":209},"18":{"name":"(anonymous_18)","decl":{"start":{"line":217,"column":11},"end":{"line":217,"column":12}},"loc":{"start":{"line":217,"column":23},"end":{"line":274,"column":5}},"line":217},"19":{"name":"_callee5","decl":{"start":{"line":218,"column":108},"end":{"line":218,"column":116}},"loc":{"start":{"line":218,"column":127},"end":{"line":267,"column":7}},"line":218},"20":{"name":"_callee5$","decl":{"start":{"line":220,"column":53},"end":{"line":220,"column":62}},"loc":{"start":{"line":220,"column":74},"end":{"line":266,"column":9}},"line":220},"21":{"name":"(anonymous_21)","decl":{"start":{"line":246,"column":45},"end":{"line":246,"column":46}},"loc":{"start":{"line":246,"column":60},"end":{"line":251,"column":19}},"line":246},"22":{"name":"oneBlog","decl":{"start":{"line":269,"column":15},"end":{"line":269,"column":22}},"loc":{"start":{"line":269,"column":34},"end":{"line":271,"column":7}},"line":269},"23":{"name":"(anonymous_23)","decl":{"start":{"line":277,"column":11},"end":{"line":277,"column":12}},"loc":{"start":{"line":277,"column":23},"end":{"line":332,"column":5}},"line":277},"24":{"name":"_callee6","decl":{"start":{"line":278,"column":111},"end":{"line":278,"column":119}},"loc":{"start":{"line":278,"column":130},"end":{"line":325,"column":7}},"line":278},"25":{"name":"_callee6$","decl":{"start":{"line":280,"column":53},"end":{"line":280,"column":62}},"loc":{"start":{"line":280,"column":74},"end":{"line":324,"column":9}},"line":280},"26":{"name":"addcomment","decl":{"start":{"line":327,"column":15},"end":{"line":327,"column":25}},"loc":{"start":{"line":327,"column":38},"end":{"line":329,"column":7}},"line":327}},"branchMap":{"0":{"loc":{"start":{"line":36,"column":12},"end":{"line":60,"column":13}},"type":"switch","locations":[{"start":{"line":37,"column":14},"end":{"line":40,"column":119}},{"start":{"line":42,"column":14},"end":{"line":48,"column":22}},{"start":{"line":50,"column":14},"end":{"line":55,"column":20}},{"start":{"line":57,"column":14},"end":{"line":57,"column":22}},{"start":{"line":58,"column":14},"end":{"line":59,"column":39}}],"line":36},"1":{"loc":{"start":{"line":78,"column":12},"end":{"line":110,"column":13}},"type":"switch","locations":[{"start":{"line":79,"column":14},"end":{"line":89,"column":35}},{"start":{"line":91,"column":14},"end":{"line":93,"column":55}},{"start":{"line":95,"column":14},"end":{"line":97,"column":22}},{"start":{"line":99,"column":14},"end":{"line":105,"column":50}},{"start":{"line":107,"column":14},"end":{"line":107,"column":22}},{"start":{"line":108,"column":14},"end":{"line":109,"column":40}}],"line":78},"2":{"loc":{"start":{"line":127,"column":12},"end":{"line":153,"column":13}},"type":"switch","locations":[{"start":{"line":128,"column":14},"end":{"line":133,"column":19}},{"start":{"line":135,"column":14},"end":{"line":137,"column":55}},{"start":{"line":139,"column":14},"end":{"line":141,"column":22}},{"start":{"line":143,"column":14},"end":{"line":148,"column":20}},{"start":{"line":150,"column":14},"end":{"line":150,"column":22}},{"start":{"line":151,"column":14},"end":{"line":152,"column":40}}],"line":127},"3":{"loc":{"start":{"line":172,"column":12},"end":{"line":204,"column":13}},"type":"switch","locations":[{"start":{"line":173,"column":14},"end":{"line":187,"column":19}},{"start":{"line":189,"column":14},"end":{"line":192,"column":20}},{"start":{"line":194,"column":14},"end":{"line":199,"column":20}},{"start":{"line":201,"column":14},"end":{"line":201,"column":22}},{"start":{"line":202,"column":14},"end":{"line":203,"column":40}}],"line":172},"4":{"loc":{"start":{"line":222,"column":12},"end":{"line":264,"column":13}},"type":"switch","locations":[{"start":{"line":223,"column":14},"end":{"line":234,"column":19}},{"start":{"line":236,"column":14},"end":{"line":240,"column":57}},{"start":{"line":242,"column":14},"end":{"line":252,"column":20}},{"start":{"line":254,"column":14},"end":{"line":259,"column":20}},{"start":{"line":261,"column":14},"end":{"line":261,"column":22}},{"start":{"line":262,"column":14},"end":{"line":263,"column":40}}],"line":222},"5":{"loc":{"start":{"line":282,"column":12},"end":{"line":322,"column":13}},"type":"switch","locations":[{"start":{"line":283,"column":14},"end":{"line":295,"column":38}},{"start":{"line":297,"column":14},"end":{"line":305,"column":19}},{"start":{"line":307,"column":14},"end":{"line":310,"column":20}},{"start":{"line":312,"column":14},"end":{"line":317,"column":20}},{"start":{"line":319,"column":14},"end":{"line":319,"column":22}},{"start":{"line":320,"column":14},"end":{"line":321,"column":40}}],"line":282}},"s":{"0":1,"1":1,"2":1,"3":1,"4":1,"5":1,"6":1,"7":1,"8":1,"9":1,"10":1,"11":0,"12":1,"13":1,"14":0,"15":0,"16":0,"17":0,"18":0,"19":0,"20":0,"21":0,"22":0,"23":0,"24":0,"25":0,"26":0,"27":0,"28":0,"29":1,"30":1,"31":0,"32":0,"33":0,"34":0,"35":0,"36":0,"37":0,"38":0,"39":0,"40":0,"41":0,"42":0,"43":0,"44":0,"45":0,"46":0,"47":0,"48":0,"49":1,"50":1,"51":0,"52":0,"53":0,"54":0,"55":0,"56":0,"57":0,"58":0,"59":0,"60":0,"61":0,"62":0,"63":0,"64":0,"65":0,"66":1,"67":1,"68":0,"69":0,"70":0,"71":0,"72":0,"73":0,"74":0,"75":0,"76":0,"77":0,"78":0,"79":0,"80":0,"81":0,"82":0,"83":0,"84":1,"85":1,"86":0,"87":0,"88":0,"89":0,"90":0,"91":0,"92":0,"93":0,"94":0,"95":0,"96":0,"97":0,"98":0,"99":0,"100":0,"101":0,"102":0,"103":0,"104":1,"105":1,"106":0,"107":0,"108":0,"109":0,"110":0,"111":0,"112":0,"113":0,"114":0,"115":0,"116":0,"117":0,"118":0,"119":0,"120":0,"121":0,"122":0,"123":0,"124":1,"125":1,"126":1},"f":{"0":1,"1":0,"2":1,"3":0,"4":0,"5":0,"6":1,"7":0,"8":0,"9":0,"10":1,"11":0,"12":0,"13":0,"14":1,"15":0,"16":0,"17":0,"18":1,"19":0,"20":0,"21":0,"22":0,"23":1,"24":0,"25":0,"26":0},"b":{"0":[0,0,0,0,0],"1":[0,0,0,0,0,0],"2":[0,0,0,0,0,0],"3":[0,0,0,0,0],"4":[0,0,0,0,0,0],"5":[0,0,0,0,0,0]},"inputSourceMap":{"version":3,"sources":["blogController.js"],"names":["blogController","req","res","Blog","find","select","exec","docs","status","json","msg","error","message","image","file","path","blog","_id","mongoose","Types","ObjectId","blogTitle","body","title","blogContent","content","blogImage","save","getall","console","log","remove","params","id","fields","Object","entries","op","updateOne","blogId","$set","views","parseInt","Comments","populate","blogComments","comments","map","doc","user","comment","userInfo"],"mappings":";;;;;;;;;;;;;;;;;AAAA;;AACA;;AACA;;IACqBA,c;;;;;;;;mHACGC,G,EAAKC,G;;;;;;;;uBAEEC,kBAAKC,IAAL,GAAYC,MAAZ,CAAmB,uDAAnB,EAA4EC,IAA5E,E;;;AAAbC,gBAAAA,I;AACNL,gBAAAA,GAAG,CAACM,MAAJ,CAAW,GAAX,EAAgBC,IAAhB,CAAqB;AAAEC,kBAAAA,GAAG,EAAEH;AAAP,iBAArB;;;;;;;iDAEOL,GAAG,CAACM,MAAJ,CAAW,GAAX,EAAgBC,IAAhB,CAAqB;AAAEE,kBAAAA,KAAK,EAAE,YAAMC;AAAf,iBAArB,C;;;;;;;;;;;;;;;;;;;iHAGEX,G,EAAKC,G;;;;;;;AAERW,gBAAAA,K,GAAQZ,GAAG,CAACa,IAAJ,CAASC,I;AACjBC,gBAAAA,I,GAAO,IAAIb,iBAAJ,CAAS;AAClBc,kBAAAA,GAAG,EAAC,IAAIC,qBAASC,KAAT,CAAeC,QAAnB,EADc;AAElBC,kBAAAA,SAAS,EAAEpB,GAAG,CAACqB,IAAJ,CAASC,KAFF;AAGlBC,kBAAAA,WAAW,EAAEvB,GAAG,CAACqB,IAAJ,CAASG,OAHJ;AAIlBC,kBAAAA,SAAS,EAAEb;AAJO,iBAAT,C;;uBAMPG,IAAI,CAACW,IAAL,E;;;;uBACA3B,cAAc,CAAC4B,MAAf,CAAsB3B,GAAtB,EAA2BC,GAA3B,C;;;;;;;;;AAENA,gBAAAA,GAAG,CAACM,MAAJ,CAAW,GAAX,EAAgBC,IAAhB,CAAqB;AAAEE,kBAAAA,KAAK,EAAE,aAAMC;AAAf,iBAArB;AACAiB,gBAAAA,OAAO,CAACC,GAAR,CAAY,aAAMlB,OAAlB;;;;;;;;;;;;;;;;;;;wHAGgBX,G,EAAKC,G;;;;;;;uBAEfC,kBAAK4B,MAAL,CAAY;AAAEd,kBAAAA,GAAG,EAAEhB,GAAG,CAAC+B,MAAJ,CAAWC;AAAlB,iBAAZ,C;;;;uBACAjC,cAAc,CAAC4B,MAAf,CAAsB3B,GAAtB,EAA2BC,GAA3B,C;;;;;;;;;kDAECA,GAAG,CAACM,MAAJ,CAAW,GAAX,EAAgBC,IAAhB,CAAqB;AAAEE,kBAAAA,KAAK,EAAE,aAAMC;AAAf,iBAArB,C;;;;;;;;;;;;;;;;;;;wHAGSX,G,EAAKC,G;;;;;;;;AAEjBgC,gBAAAA,M,GAAS,E;;AAEb,+CAAWC,MAAM,CAACC,OAAP,CAAenC,GAAG,CAACqB,IAAnB,CAAX,qCAAqC;AAAhCe,kBAAAA,EAAgC;AACjCH,kBAAAA,MAAM,CAACG,EAAE,CAAC,CAAD,CAAH,CAAN,GAAgBA,EAAE,CAAC,CAAD,CAAlB;AACH;;;uBACKlC,kBAAKmC,SAAL,CAAe;AAAEC,kBAAAA,MAAM,EAAEtC,GAAG,CAAC+B,MAAJ,CAAWC;AAArB,iBAAf,EAA0C;AAAEO,kBAAAA,IAAI,EAAEN;AAAR,iBAA1C,C;;;kDACChC,GAAG,CAACM,MAAJ,CAAW,GAAX,EAAgBC,IAAhB,CAAqB;AAAEG,kBAAAA,OAAO,EAAE;AAAX,iBAArB,C;;;;;kDAEAV,GAAG,CAACM,MAAJ,CAAW,GAAX,EAAgBC,IAAhB,CAAqB;AAAEE,kBAAAA,KAAK,EAAE,aAAMC;AAAf,iBAArB,C;;;;;;;;;;;;;;;;;;;qHAGMX,G,EAAKC,G;;;;;;;AAEZ+B,gBAAAA,E,GAAK/B,GAAG,CAACc,IAAJ,CAASC,G;AAClBwB,gBAAAA,K,GAAQC,QAAQ,CAACxC,GAAG,CAACc,IAAJ,CAASyB,KAAV,CAAR,GAA2B,C;;uBACnCtC,kBAAKmC,SAAL,CAAe;AAAErB,kBAAAA,GAAG,EAAEgB;AAAP,iBAAf,EAA4B;AAAEO,kBAAAA,IAAI,EAAE;AAAEC,oBAAAA,KAAK,EAAEA;AAAT;AAAR,iBAA5B,C;;;;uBACoBE,qBAASvC,IAAT,CAAc;AAACY,kBAAAA,IAAI,EAACiB;AAAN,iBAAd,EAAyBW,QAAzB,CAAkC,MAAlC,EAAyC,YAAzC,EAAuDtC,IAAvD,E;;;AAApBuC,gBAAAA,Y;kDACC3C,GAAG,CAACM,MAAJ,CAAW,GAAX,EAAgBC,IAAhB,CAAqB;AAACO,kBAAAA,IAAI,EAACd,GAAG,CAACc,IAAV;AAAe8B,kBAAAA,QAAQ,EAACD,YAAY,CAACE,GAAb,CAAiB,UAAAC,GAAG,EAAE;AACtE,2BAAM;AACFC,sBAAAA,IAAI,EAACD,GAAG,CAACC,IADP;AAEFC,sBAAAA,OAAO,EAACF,GAAG,CAACE;AAFV,qBAAN;AAIH,mBALmD;AAAxB,iBAArB,C;;;;;kDAOIhD,GAAG,CAACM,MAAJ,CAAW,GAAX,EAAgBC,IAAhB,CAAqB;AAACE,kBAAAA,KAAK,EAAC,aAAMC;AAAb,iBAArB,C;;;;;;;;;;;;;;;;;;;wHAKSX,G,EAAKC,G;;;;;;;AAEfc,gBAAAA,I,GAAOd,GAAG,CAACc,IAAJ,CAASC,G;AAChBgC,gBAAAA,I,GAAO/C,GAAG,CAACiD,QAAJ,CAAalC,G;AACpB6B,gBAAAA,Q,GAAUJ,QAAQ,CAACxC,GAAG,CAACc,IAAJ,CAAS8B,QAAV,CAAR,GAA4B,C;AACtCI,gBAAAA,O,GAAU,IAAIP,oBAAJ,CAAa;AACzB1B,kBAAAA,GAAG,EAAC,IAAIC,qBAASC,KAAT,CAAeC,QAAnB,EADqB;AAEzBJ,kBAAAA,IAAI,EAAEA,IAFmB;AAGzBiC,kBAAAA,IAAI,EAAEA,IAHmB;AAIzBC,kBAAAA,OAAO,EAAEjD,GAAG,CAACqB,IAAJ,CAAS4B;AAJO,iBAAb,C;;uBAMVA,OAAO,CAACvB,IAAR,E;;;;uBACAxB,kBAAKmC,SAAL,CAAe;AAACC,kBAAAA,MAAM,EAACvB;AAAR,iBAAf,EAA6B;AAACwB,kBAAAA,IAAI,EAAC;AAACM,oBAAAA,QAAQ,EAACA;AAAV;AAAN,iBAA7B,C;;;kDACC5C,GAAG,CAACM,MAAJ,CAAW,GAAX,EAAgBC,IAAhB,CAAqB;AAACG,kBAAAA,OAAO,EAAC;AAAT,iBAArB,C;;;;;kDAEAV,GAAG,CAACM,MAAJ,CAAW,GAAX,EAAgBC,IAAhB,CAAqB;AAAEE,kBAAAA,KAAK,EAAE,aAAMC;AAAf,iBAArB,C","sourceRoot":"/home/heir/Desktop/backup/server/controllers/","sourcesContent":["import Blog from '../models/blogs'\nimport Comments from '../models/comments'\nimport mongoose from 'mongoose'\nexport default class blogController {\n    static async getall(req, res) {\n        try {\n            const docs = await Blog.find().select('blogId blogTitle blogContent blogImage views comments').exec()\n            res.status(200).json({ msg: docs })\n        } catch (error) {\n            return res.status(500).json({ error: error.message })\n        }\n    }\n    static async add(req, res) {\n        try {\n            const image = req.file.path\n            const blog = new Blog({\n                _id:new mongoose.Types.ObjectId,\n                blogTitle: req.body.title,\n                blogContent: req.body.content,\n                blogImage: image\n            })\n            await blog.save()\n            await blogController.getall(req, res)\n        } catch (error) {\n            res.status(500).json({ error: error.message })\n            console.log(error.message )\n        }\n    }\n    static async deleteBlog(req, res) {\n        try {\n            await Blog.remove({ _id: req.params.id })\n            await blogController.getall(req, res)\n        } catch (error) {\n            return res.status(500).json({ error: error.message })\n        }\n    }\n    static async updateBlog(req, res) {\n        try {\n            let fields = {};\n            let op;\n            for (op of Object.entries(req.body)) {\n                fields[op[0]] = op[1];\n            }\n            await Blog.updateOne({ blogId: req.params.id }, { $set: fields });\n            return res.status(200).json({ message: 'blog updated' });\n        } catch (error) {\n            return res.status(500).json({ error: error.message });\n        }\n    }\n    static async oneBlog(req, res) {\n        try {\n            const id = res.blog._id;\n        const views = parseInt(res.blog.views) + 1;\n        await Blog.updateOne({ _id: id }, { $set: { views: views } });\n        const blogComments= await Comments.find({blog:id}).populate('user','name email').exec();\n        return res.status(200).json({blog:res.blog,comments:blogComments.map(doc=>{\n            return{\n                user:doc.user,\n                comment:doc.comment\n            }\n        })});\n        } catch (error) {\n            return res.status(500).json({error:error.message});\n        }\n\n\n    }\n    static async addcomment(req, res) {\n        try {\n            const blog = res.blog._id;\n            const user = res.userInfo._id;\n            const comments= parseInt(res.blog.comments)+1;\n            const comment = new Comments({\n                _id:new mongoose.Types.ObjectId(),\n                blog: blog,\n                user: user,\n                comment: req.body.comment\n            });\n            await comment.save();\n            await Blog.updateOne({blogId:blog},{$set:{comments:comments}});\n            return res.status(200).json({message:'comment added!'});\n        } catch (error) {\n            return res.status(500).json({ error: error.message });\n        }\n\n    }\n\n}\n"]},"_coverageSchema":"1a1c01bbd47fc00a2c39e90264f33305004495a9","hash":"58bc11078f11e83cfe845e3debe0adb1564fdc4b","contentHash":"27971322c3ddfdd1431e7c177168c8b1efb162bf5c6ca79f7efc5a3b2f52a260"},"/home/heir/Desktop/backup/server/models/blogs.js":{"path":"/home/heir/Desktop/backup/server/models/blogs.js","statementMap":{"0":{"start":{"line":3,"column":30},"end":{"line":3,"column":86}},"1":{"start":{"line":5,"column":16},"end":{"line":5,"column":60}},"2":{"start":{"line":7,"column":18},"end":{"line":29,"column":2}},"3":{"start":{"line":30,"column":0},"end":{"line":30,"column":65}}},"fnMap":{},"branchMap":{},"s":{"0":1,"1":1,"2":1,"3":1},"f":{},"b":{},"inputSourceMap":{"version":3,"sources":["blogs.js"],"names":["blogsSchema","mongoose","Schema","_id","Types","ObjectId","blogTitle","type","String","required","blogContent","blogImage","views","Number","comments","module","exports","model"],"mappings":";;;;AAAA;;AAEA,IAAMA,WAAW,GAAE,IAAIC,qBAASC,MAAb,CAAoB;AACnCC,EAAAA,GAAG,EAACF,qBAASC,MAAT,CAAgBE,KAAhB,CAAsBC,QADS;AAEnCC,EAAAA,SAAS,EAAC;AAACC,IAAAA,IAAI,EAACC,MAAN;AAAaC,IAAAA,QAAQ,EAAC;AAAtB,GAFyB;AAGnCC,EAAAA,WAAW,EAAC;AAACH,IAAAA,IAAI,EAACC,MAAN;AAAaC,IAAAA,QAAQ,EAAC;AAAtB,GAHuB;AAInCE,EAAAA,SAAS,EAAC;AAACJ,IAAAA,IAAI,EAACC,MAAN;AAAaC,IAAAA,QAAQ,EAAC;AAAtB,GAJyB;AAKnCG,EAAAA,KAAK,EAAC;AAACL,IAAAA,IAAI,EAACM,MAAN;AAAa,eAAQ;AAArB,GAL6B;AAMnCC,EAAAA,QAAQ,EAAC;AAACP,IAAAA,IAAI,EAACM,MAAN;AAAa,eAAQ;AAArB;AAN0B,CAApB,CAAnB;AASAE,MAAM,CAACC,OAAP,GAAgBf,qBAASgB,KAAT,CAAe,MAAf,EAAsBjB,WAAtB,CAAhB","sourceRoot":"/home/heir/Desktop/backup/server/models/","sourcesContent":["import mongoose,{schema} from 'mongoose'\n\nconst blogsSchema= new mongoose.Schema({\n    _id:mongoose.Schema.Types.ObjectId,\n    blogTitle:{type:String,required:true},\n    blogContent:{type:String,required:true},\n    blogImage:{type:String,required:true},\n    views:{type:Number,default:0},\n    comments:{type:Number,default:0},\n})\n\nmodule.exports= mongoose.model('Blog',blogsSchema)"]},"_coverageSchema":"1a1c01bbd47fc00a2c39e90264f33305004495a9","hash":"415f9b5c8f2ef90228ce61bb62aa391d8da23eab","contentHash":"58b0e30e12caeedde44f31630f3fcf3f092e22245e41fe985c8b96cbdb7a9d5a"},"/home/heir/Desktop/backup/server/models/comments.js":{"path":"/home/heir/Desktop/backup/server/models/comments.js","statementMap":{"0":{"start":{"line":3,"column":30},"end":{"line":3,"column":86}},"1":{"start":{"line":5,"column":16},"end":{"line":5,"column":60}},"2":{"start":{"line":7,"column":20},"end":{"line":19,"column":2}},"3":{"start":{"line":20,"column":0},"end":{"line":20,"column":71}}},"fnMap":{},"branchMap":{},"s":{"0":1,"1":1,"2":1,"3":1},"f":{},"b":{},"inputSourceMap":{"version":3,"sources":["comments.js"],"names":["commentSchema","mongoose","Schema","_id","Types","ObjectId","blog","user","type","ref","required","comment","String","module","exports","model"],"mappings":";;;;AAAA;;AACA,IAAMA,aAAa,GAAE,IAAIC,qBAASC,MAAb,CAAoB;AACrCC,EAAAA,GAAG,EAACF,qBAASC,MAAT,CAAgBE,KAAhB,CAAsBC,QADW;AAErCC,EAAAA,IAAI,EAACL,qBAASC,MAAT,CAAgBE,KAAhB,CAAsBC,QAFU;AAGrCE,EAAAA,IAAI,EAAC;AAACC,IAAAA,IAAI,EAACP,qBAASC,MAAT,CAAgBE,KAAhB,CAAsBC,QAA5B;AAAqCI,IAAAA,GAAG,EAAC,MAAzC;AAAgDC,IAAAA,QAAQ,EAAC;AAAzD,GAHgC;AAIrCC,EAAAA,OAAO,EAAC;AAACH,IAAAA,IAAI,EAACI,MAAN;AAAaF,IAAAA,QAAQ,EAAC;AAAtB;AAJ6B,CAApB,CAArB;AAOAG,MAAM,CAACC,OAAP,GAAeb,qBAASc,KAAT,CAAe,UAAf,EAA0Bf,aAA1B,CAAf","sourceRoot":"/home/heir/Desktop/backup/server/models/","sourcesContent":["import mongoose,{schema} from 'mongoose'\nconst commentSchema= new mongoose.Schema({\n    _id:mongoose.Schema.Types.ObjectId,\n    blog:mongoose.Schema.Types.ObjectId,\n    user:{type:mongoose.Schema.Types.ObjectId,ref:'User',required:true},\n    comment:{type:String,required:true}\n\n})\nmodule.exports=mongoose.model('Comments',commentSchema)"]},"_coverageSchema":"1a1c01bbd47fc00a2c39e90264f33305004495a9","hash":"7325a0772b039ab144907f5963639ceec906e715","contentHash":"b2b79def9165c6c3dc71ec72672e85a8a016811802cdd7af50f05bb10fa439a7"},"/home/heir/Desktop/backup/server/middleware/check-auth.js":{"path":"/home/heir/Desktop/backup/server/middleware/check-auth.js","statementMap":{"0":{"start":{"line":3,"column":30},"end":{"line":3,"column":86}},"1":{"start":{"line":5,"column":20},"end":{"line":5,"column":68}},"2":{"start":{"line":7,"column":0},"end":{"line":20,"column":2}},"3":{"start":{"line":8,"column":2},"end":{"line":19,"column":3}},"4":{"start":{"line":9,"column":16},"end":{"line":9,"column":41}},"5":{"start":{"line":11,"column":18},"end":{"line":11,"column":77}},"6":{"start":{"line":13,"column":4},"end":{"line":13,"column":27}},"7":{"start":{"line":14,"column":4},"end":{"line":14,"column":11}},"8":{"start":{"line":16,"column":4},"end":{"line":18,"column":7}}},"fnMap":{"0":{"name":"(anonymous_0)","decl":{"start":{"line":7,"column":17},"end":{"line":7,"column":18}},"loc":{"start":{"line":7,"column":43},"end":{"line":20,"column":1}},"line":7}},"branchMap":{},"s":{"0":1,"1":1,"2":1,"3":0,"4":0,"5":0,"6":0,"7":0,"8":0},"f":{"0":0},"b":{},"inputSourceMap":{"version":3,"sources":["check-auth.js"],"names":["module","exports","req","res","next","token","headers","authorization","decoded","jwt","verify","process","env","JWT_KEY","userInfo","error","status","json"],"mappings":";;;;AAAA;;AAEAA,MAAM,CAACC,OAAP,GAAe,UAACC,GAAD,EAAKC,GAAL,EAASC,IAAT,EAAgB;AAE3B,MAAI;AACA,QAAOC,KAAK,GAAIH,GAAG,CAACI,OAAJ,CAAYC,aAA5B;;AACA,QAAMC,OAAO,GAAGC,yBAAIC,MAAJ,CAAWL,KAAX,EAAiBM,OAAO,CAACC,GAAR,CAAYC,OAA7B,CAAhB;;AACAV,IAAAA,GAAG,CAACW,QAAJ,GAAeN,OAAf;AACAJ,IAAAA,IAAI;AAEP,GAND,CAME,OAAOW,KAAP,EAAc;AACZZ,IAAAA,GAAG,CAACa,MAAJ,CAAW,GAAX,EAAgBC,IAAhB,CAAqB;AAACF,MAAAA,KAAK,EAAC;AAAP,KAArB;AAEH;AACJ,CAZD","sourceRoot":"/home/heir/Desktop/backup/server/middleware/","sourcesContent":["import  jwt, { decode } from 'jsonwebtoken'\n\nmodule.exports=(req,res,next)=>{\n    \n    try {\n        const  token  = req.headers.authorization\n        const decoded = jwt.verify(token,process.env.JWT_KEY)\n        res.userInfo = decoded\n        next()\n        \n    } catch (error) {\n        res.status(401).json({error:'Auth failed'})\n\n    }\n}"]},"_coverageSchema":"1a1c01bbd47fc00a2c39e90264f33305004495a9","hash":"5447a7f3363c1b29c558d15f1b75e58735ecd02b","contentHash":"e4dd5ebdd05bd3b76782f06db17f989b1e9e6edb468cce752648c522b43e1844"},"/home/heir/Desktop/backup/server/middleware/singleBlog.js":{"path":"/home/heir/Desktop/backup/server/middleware/singleBlog.js","statementMap":{"0":{"start":{"line":3,"column":29},"end":{"line":3,"column":84}},"1":{"start":{"line":5,"column":0},"end":{"line":7,"column":3}},"2":{"start":{"line":8,"column":0},"end":{"line":8,"column":28}},"3":{"start":{"line":10,"column":19},"end":{"line":10,"column":80}},"4":{"start":{"line":12,"column":25},"end":{"line":12,"column":99}},"5":{"start":{"line":14,"column":13},"end":{"line":14,"column":63}},"6":{"start":{"line":16,"column":27},"end":{"line":63,"column":3}},"7":{"start":{"line":17,"column":13},"end":{"line":58,"column":5}},"8":{"start":{"line":19,"column":4},"end":{"line":57,"column":32}},"9":{"start":{"line":20,"column":6},"end":{"line":56,"column":7}},"10":{"start":{"line":21,"column":8},"end":{"line":55,"column":9}},"11":{"start":{"line":23,"column":12},"end":{"line":23,"column":30}},"12":{"start":{"line":24,"column":12},"end":{"line":24,"column":31}},"13":{"start":{"line":25,"column":12},"end":{"line":25,"column":30}},"14":{"start":{"line":26,"column":12},"end":{"line":28,"column":15}},"15":{"start":{"line":31,"column":12},"end":{"line":31,"column":33}},"16":{"start":{"line":33,"column":12},"end":{"line":40,"column":13}},"17":{"start":{"line":34,"column":14},"end":{"line":34,"column":30}},"18":{"start":{"line":35,"column":14},"end":{"line":35,"column":21}},"19":{"start":{"line":37,"column":14},"end":{"line":39,"column":17}},"20":{"start":{"line":42,"column":12},"end":{"line":42,"column":31}},"21":{"start":{"line":43,"column":12},"end":{"line":43,"column":18}},"22":{"start":{"line":46,"column":12},"end":{"line":46,"column":30}},"23":{"start":{"line":47,"column":12},"end":{"line":47,"column":47}},"24":{"start":{"line":48,"column":12},"end":{"line":50,"column":15}},"25":{"start":{"line":54,"column":12},"end":{"line":54,"column":35}},"26":{"start":{"line":60,"column":2},"end":{"line":62,"column":4}},"27":{"start":{"line":61,"column":4},"end":{"line":61,"column":39}},"28":{"start":{"line":65,"column":15},"end":{"line":65,"column":22}},"29":{"start":{"line":66,"column":0},"end":{"line":66,"column":30}}},"fnMap":{"0":{"name":"(anonymous_0)","decl":{"start":{"line":16,"column":27},"end":{"line":16,"column":28}},"loc":{"start":{"line":16,"column":39},"end":{"line":63,"column":1}},"line":16},"1":{"name":"_callee","decl":{"start":{"line":17,"column":100},"end":{"line":17,"column":107}},"loc":{"start":{"line":17,"column":124},"end":{"line":58,"column":3}},"line":17},"2":{"name":"_callee$","decl":{"start":{"line":19,"column":49},"end":{"line":19,"column":57}},"loc":{"start":{"line":19,"column":68},"end":{"line":57,"column":5}},"line":19},"3":{"name":"oneblog","decl":{"start":{"line":60,"column":18},"end":{"line":60,"column":25}},"loc":{"start":{"line":60,"column":40},"end":{"line":62,"column":3}},"line":60}},"branchMap":{"0":{"loc":{"start":{"line":21,"column":8},"end":{"line":55,"column":9}},"type":"switch","locations":[{"start":{"line":22,"column":10},"end":{"line":28,"column":15}},{"start":{"line":30,"column":10},"end":{"line":43,"column":18}},{"start":{"line":45,"column":10},"end":{"line":50,"column":15}},{"start":{"line":52,"column":10},"end":{"line":52,"column":18}},{"start":{"line":53,"column":10},"end":{"line":54,"column":35}}],"line":21},"1":{"loc":{"start":{"line":33,"column":12},"end":{"line":40,"column":13}},"type":"if","locations":[{"start":{"line":33,"column":12},"end":{"line":40,"column":13}},{"start":{"line":33,"column":12},"end":{"line":40,"column":13}}],"line":33}},"s":{"0":1,"1":1,"2":1,"3":1,"4":1,"5":1,"6":1,"7":1,"8":0,"9":0,"10":0,"11":0,"12":0,"13":0,"14":0,"15":0,"16":0,"17":0,"18":0,"19":0,"20":0,"21":0,"22":0,"23":0,"24":0,"25":0,"26":1,"27":0,"28":1,"29":1},"f":{"0":1,"1":0,"2":0,"3":0},"b":{"0":[0,0,0,0,0],"1":[0,0]},"inputSourceMap":{"version":3,"sources":["singleBlog.js"],"names":["oneblog","req","res","next","id","params","Blog","findOne","_id","blog","status","json","message","error"],"mappings":";;;;;;;;;;;;;AAAA;;AAEA,IAAMA,OAAO;AAAA,2FAAE,iBAAMC,GAAN,EAAUC,GAAV,EAAcC,IAAd;AAAA;AAAA;AAAA;AAAA;AAAA;AAAA;AAELC,YAAAA,EAFK,GAEFH,GAAG,CAACI,MAAJ,CAAWD,EAFT;AAAA;AAAA,mBAGME,kBAAKC,OAAL,CAAa;AAACC,cAAAA,GAAG,EAACJ;AAAL,aAAb,CAHN;;AAAA;AAGLK,YAAAA,IAHK;;AAIX,gBAAGA,IAAH,EAAQ;AACJP,cAAAA,GAAG,CAACO,IAAJ,GAASA,IAAT;AACAN,cAAAA,IAAI;AACP,aAHD,MAGK;AACDD,cAAAA,GAAG,CAACQ,MAAJ,CAAW,GAAX,EAAgBC,IAAhB,CAAqB;AAACC,gBAAAA,OAAO,EAAC;AAAT,eAArB;AACH;;AATU;AAAA;;AAAA;AAAA;AAAA;AAWXV,YAAAA,GAAG,CAACQ,MAAJ,CAAW,GAAX,EAAgBC,IAAhB,CAAqB;AAACE,cAAAA,KAAK,EAAC,YAAMD;AAAb,aAArB;;AAXW;AAAA;AAAA;AAAA;AAAA;AAAA;AAAA,GAAF;;AAAA,kBAAPZ,OAAO;AAAA;AAAA;AAAA,GAAb;;eAgBeA,O","sourceRoot":"/home/heir/Desktop/backup/server/middleware/","sourcesContent":["import Blog from '../models/blogs'\n\nconst oneblog =async(req,res,next)=>{\ntry{\n    const id=req.params.id\n    const blog=await Blog.findOne({_id:id})\n    if(blog){\n        res.blog=blog\n        next();\n    }else{\n        res.status(404).json({message:'No blog found!'})\n    }\n}catch(error){\n    res.status(500).json({error:error.message})\n}\n\n}\n\nexport default oneblog"]},"_coverageSchema":"1a1c01bbd47fc00a2c39e90264f33305004495a9","hash":"f425ffc9b0a81ff500add628342a53347a42d09b","contentHash":"5f049cc88960d26a2eb44337fd488148afdb92d796e1472a5dfb6072d4afadee"},"/home/heir/Desktop/backup/server/routes/contacts.js":{"path":"/home/heir/Desktop/backup/server/routes/contacts.js","statementMap":{"0":{"start":{"line":3,"column":29},"end":{"line":3,"column":84}},"1":{"start":{"line":5,"column":15},"end":{"line":5,"column":57}},"2":{"start":{"line":7,"column":17},"end":{"line":7,"column":76}},"3":{"start":{"line":9,"column":26},"end":{"line":9,"column":94}},"4":{"start":{"line":11,"column":13},"end":{"line":11,"column":41}},"5":{"start":{"line":13,"column":0},"end":{"line":13,"column":54}},"6":{"start":{"line":14,"column":0},"end":{"line":14,"column":78}},"7":{"start":{"line":15,"column":0},"end":{"line":15,"column":24}}},"fnMap":{},"branchMap":{},"s":{"0":1,"1":1,"2":1,"3":1,"4":1,"5":1,"6":1,"7":1},"f":{},"b":{},"inputSourceMap":{"version":3,"sources":["contacts.js"],"names":["router","express","Router","post","contactController","save","get","checkAuth","getall","module","exports"],"mappings":";;;;AAAA;;AAEA;;AACA;;AAFA,IAAMA,MAAM,GAAEC,oBAAQC,MAAR,EAAd;;AAGAF,MAAM,CAACG,IAAP,CAAY,GAAZ,EAAgBC,+BAAkBC,IAAlC;AACAL,MAAM,CAACM,GAAP,CAAW,GAAX,EAAeC,qBAAf,EAAyBH,+BAAkBI,MAA3C;AACAC,MAAM,CAACC,OAAP,GAAeV,MAAf","sourceRoot":"/home/heir/Desktop/backup/server/routes/","sourcesContent":["import express from 'express'\nconst router =express.Router();\nimport  checkAuth  from '../middleware/check-auth'\nimport contactController from '../controllers/contactsController'\nrouter.post('/',contactController.save)\nrouter.get('/',checkAuth,contactController.getall)\nmodule.exports=router"]},"_coverageSchema":"1a1c01bbd47fc00a2c39e90264f33305004495a9","hash":"5175c60e469e26c2d7ca2ee872e009babe0d380e","contentHash":"48d39ace7dcf3ac171ed82defe4d7c09e08c4547b4d7ab463e3a32dbfa19500b"},"/home/heir/Desktop/backup/server/controllers/contactsController.js":{"path":"/home/heir/Desktop/backup/server/controllers/contactsController.js","statementMap":{"0":{"start":{"line":3,"column":29},"end":{"line":3,"column":84}},"1":{"start":{"line":5,"column":0},"end":{"line":7,"column":3}},"2":{"start":{"line":8,"column":0},"end":{"line":8,"column":28}},"3":{"start":{"line":10,"column":19},"end":{"line":10,"column":80}},"4":{"start":{"line":12,"column":25},"end":{"line":12,"column":99}},"5":{"start":{"line":14,"column":23},"end":{"line":14,"column":95}},"6":{"start":{"line":16,"column":20},"end":{"line":16,"column":89}},"7":{"start":{"line":18,"column":16},"end":{"line":18,"column":59}},"8":{"start":{"line":20,"column":15},"end":{"line":20,"column":67}},"9":{"start":{"line":22,"column":28},"end":{"line":114,"column":3}},"10":{"start
[...]
es","message","Queries","_id","mongoose","Types","ObjectId","name","body","email","save","status","json","error","find","select","exec","docs","queries"],"mappings":";;;;;;;;;;;;;;;;;AAAA;;AACA;;;;;;;;;;iHAEsBA,G,EAAIC,G;;;;;;;AAERC,gBAAAA,O,GAAS,IAAIC,mBAAJ,CAAY;AACvBC,kBAAAA,GAAG,EAAC,IAAIC,qBAASC,KAAT,CAAeC,QAAnB,EADmB;AAEvBC,kBAAAA,IAAI,EAACR,GAAG,CAACS,IAAJ,CAASD,IAFS;AAGvBE,kBAAAA,KAAK,EAACV,GAAG,CAACS,IAAJ,CAASC,KAHQ;AAIvBR,kBAAAA,OAAO,EAACF,GAAG,CAACS,IAAJ,CAASP;AAJM,iBAAZ,C;;uBAMTA,OAAO,CAACS,IAAR,E;;;iDACCV,GAAG,CAACW,MAAJ,CAAW,GAAX,EAAgBC,IAAhB,CAAqB;AAACX,kBAAAA,OAAO,EAAC;AAAT,iBAArB,C;;;;;iDAEAD,GAAG,CAACW,MAAJ,CAAW,GAAX,EAAgBC,IAAhB,CAAqB;AAACC,kBAAAA,KAAK,EAAC,YAAMZ;AAAb,iBAArB,C;;;;;;;;;;;;;;;;;;;oHAGKF,G,EAAIC,G;;;;;;;;uBAEEE,oBAAQY,IAAR,GAAeC,MAAf,CAAsB,oBAAtB,EAA4CC,IAA5C,E;;;AAAZC,gBAAAA,I;kDAECjB,GAAG,CAACW,MAAJ,CAAW,GAAX,EAAgBC,IAAhB,CAAqB;AAACM,kBAAAA,OAAO,EAACD;AAAT,iBAArB,C;;;;;kDAEAjB,GAAG,CAACW,MAAJ,CAAW,GAAX,EAAgBC,IAAhB,CAAqB;AAACC,kBAAAA,KAAK,EAAC,aAAMZ;AAAb,iBAArB,C","sourceRoot":"/home/heir/Desktop/backup/server/controllers/","sourcesContent":["import mongoose from 'mongoose'\nimport Queries from '../models/queries'\nexport default class {\n    static async save(req,res){\n        try {\n            const message= new Queries({\n                _id:new mongoose.Types.ObjectId(),\n                name:req.body.name,\n                email:req.body.email,\n                message:req.body.message\n            })\n            await message.save();\n            return res.status(201).json({message:'Your message well received'});\n        } catch (error) {\n            return res.status(500).json({error:error.message});\n        }\n    }\n    static async getall(req,res){\n        try {\n            const docs= await Queries.find().select(\"message email name\").exec();\n            \n            return res.status(200).json({queries:docs});\n        } catch (error) {\n            return res.status(500).json({error:error.message});\n        }\n    }\n}\n"]},"_coverageSchema":"1a1c01bbd47fc00a2c39e90264f33305004495a9","hash":"202efc13e8a7f30d48ae5110cf9eb93a898fb77b","contentHash":"479da8b71fb355fb10ea92d8346e4234c66d0dd17444ccc28b03c3ed8e67f44b"},"/home/heir/Desktop/backup/server/models/queries.js":{"path":"/home/heir/Desktop/backup/server/models/queries.js","statementMap":{"0":{"start":{"line":3,"column":30},"end":{"line":3,"column":86}},"1":{"start":{"line":5,"column":16},"end":{"line":5,"column":60}},"2":{"start":{"line":7,"column":20},"end":{"line":21,"column":2}},"3":{"start":{"line":23,"column":0},"end":{"line":23,"column":70}}},"fnMap":{},"branchMap":{},"s":{"0":1,"1":1,"2":1,"3":1},"f":{},"b":{},"inputSourceMap":{"version":3,"sources":["queries.js"],"names":["queriesSchema","mongoose","Schema","_id","Types","ObjectId","message","type","String","required","email","name","module","exports","model"],"mappings":";;;;AAAA;;AACA,IAAMA,aAAa,GAAEC,qBAASC,MAAT,CAAgB;AACjCC,EAAAA,GAAG,EAACF,qBAASC,MAAT,CAAgBE,KAAhB,CAAsBC,QADO;AAEjCC,EAAAA,OAAO,EAAC;AAACC,IAAAA,IAAI,EAACC,MAAN;AAAaC,IAAAA,QAAQ,EAAC;AAAtB,GAFyB;AAGjCC,EAAAA,KAAK,EAAC;AAACH,IAAAA,IAAI,EAACC,MAAN;AAAaC,IAAAA,QAAQ,EAAC;AAAtB,GAH2B;AAIjCE,EAAAA,IAAI,EAAC;AAACJ,IAAAA,IAAI,EAACC,MAAN;AAAaC,IAAAA,QAAQ,EAAC;AAAtB;AAJ4B,CAAhB,CAArB;;AAOAG,MAAM,CAACC,OAAP,GAAeZ,qBAASa,KAAT,CAAe,SAAf,EAAyBd,aAAzB,CAAf","sourceRoot":"/home/heir/Desktop/backup/server/models/","sourcesContent":["import mongoose,{schema} from 'mongoose'\nconst queriesSchema =mongoose.Schema({\n    _id:mongoose.Schema.Types.ObjectId,\n    message:{type:String,required:true},\n    email:{type:String,required:true},\n    name:{type:String,required:true}\n\n})\nmodule.exports=mongoose.model('Queries',queriesSchema)"]},"_coverageSchema":"1a1c01bbd47fc00a2c39e90264f33305004495a9","hash":"addd0f4647612ecd08a47679ccde559be1f260ba","contentHash":"7cd81967b6e38b7bb1851e2ae144a345fc0a1d54b0299ffef431cdec3d93ce71"},"/home/heir/Desktop/backup/server/routes/profile.js":{"path":"/home/heir/Desktop/backup/server/routes/profile.js","statementMap":{"0":{"start":{"line":3,"column":29},"end":{"line":3,"column":84}},"1":{"start":{"line":5,"column":15},"end":{"line":5,"column":57}},"2":{"start":{"line":7,"column":25},"end":{"line":7,"column":92}},"3":{"start":{"line":9,"column":17},"end":{"line":9,"column":76}},"4":{"start":{"line":11,"column":13},"end":{"line":11,"column":41}},"5":{"start":{"line":14,"column":0},"end":{"line":14,"column":85}},"6":{"start":{"line":15,"column":0},"end":{"line":15,"column":52}},"7":{"start":{"line":16,"column":0},"end":{"line":16,"column":24}}},"fnMap":{},"branchMap":{},"s":{"0":1,"1":1,"2":1,"3":1,"4":1,"5":1,"6":1,"7":1},"f":{},"b":{},"inputSourceMap":{"version":3,"sources":["profile.js"],"names":["router","express","Router","patch","checkAuth","profileController","update","get","view","module","exports"],"mappings":";;;;AAAC;;AAEA;;AACA;;AAFA,IAAMA,MAAM,GAAEC,oBAAQC,MAAR,EAAd;;AAID;AACAF,MAAM,CAACG,KAAP,CAAa,SAAb,EAAuBC,qBAAvB,EAAiCC,8BAAkBC,MAAnD;AACAN,MAAM,CAACO,GAAP,CAAW,GAAX,EAAeF,8BAAkBG,IAAjC;AAGCC,MAAM,CAACC,OAAP,GAAeV,MAAf","sourceRoot":"/home/heir/Desktop/backup/server/routes/","sourcesContent":[" import express from 'express'\n const router =express.Router()\n import profileController from '../controllers/profileController'\n import checkAuth from '../middleware/check-auth'\n\n// router.post('/save',checkAuth,profileController.add)\nrouter.patch('/update',checkAuth,profileController.update)\nrouter.get('/',profileController.view)\n\n\n module.exports=router"]},"_coverageSchema":"1a1c01bbd47fc00a2c39e90264f33305004495a9","hash":"ee3702780a82952daa946590a6e062d0a8f8d2a8","contentHash":"41359296c4be95359ba64f4c5bbb3dffddde37eb5ef624022d4d5b221fa65819"},"/home/heir/Desktop/backup/server/controllers/profileController.js":{"path":"/home/heir/Desktop/backup/server/controllers/profileController.js","statementMap":{"0":{"start":{"line":3,"column":29},"end":{"line":3,"column":84}},"1":{"start":{"line":5,"column":0},"end":{"line":7,"column":3}},"2":{"start":{"line":8,"column":0},"end":{"line":8,"column":28}},"3":{"start":{"line":10,"column":19},"end":{"line":10,"column":80}},"4":{"start":{"line":12,"column":25},"end":{"line":12,"column":99}},"5":{"start":{"line":14,"column":23},"end":{"line":14,"column":95}},"6":{"start":{"line":16,"column":20},"end":{"line":16,"column":89}},"7":{"start":{"line":18,"column":16},"end":{"line":18,"column":59}},"8":{"start":{"line":20,"column":15},"end":{"line":20,"column":67}},"9":{"start":{"line":22,"column":37},"end":{"line":167,"column":3}},"10":{"start":{"line":24,"column":4},"end":{"line":24,"column":62}},"11":{"start":{"line":27,"column":2},"end":{"line":165,"column":6}},"12":{"start":{"line":30,"column":17},"end":{"line":65,"column":9}},"13":{"start":{"line":32,"column":8},"end":{"line":64,"column":36}},"14":{"start":{"line":33,"column":10},"end":{"line":63,"column":11}},"15":{"start":{"line":34,"column":12},"end":{"line":62,"column":13}},"16":{"start":{"line":36,"column":16},"end":{"line":36,"column":34}},"17":{"start":{"line":37,"column":16},"end":{"line":43,"column":19}},"18":{"start":{"line":44,"column":16},"end":{"line":44,"column":34}},"19":{"start":{"line":45,"column":16},"end":{"line":45,"column":38}},"20":{"start":{"line":48,"column":16},"end":{"line":50,"column":20}},"21":{"start":{"line":53,"column":16},"end":{"line":53,"column":34}},"22":{"start":{"line":54,"column":16},"end":{"line":54,"column":51}},"23":{"start":{"line":55,"column":16},"end":{"line":57,"column":20}},"24":{"start":{"line":61,"column":16},"end":{"line":61,"column":39}},"25":{"start":{"line":68,"column":8},"end":{"line":68,"column":43}},"26":{"start":{"line":71,"column":6},"end":{"line":71,"column":17}},"27":{"start":{"line":76,"column":20},"end":{"line":117,"column":9}},"28":{"start":{"line":79,"column":8},"end":{"line":116,"column":37}},"29":{"start":{"line":80,"column":10},"end":{"line":115,"column":11}},"30":{"start":{"line":81,"column":12},"end":{"line":114,"column":13}},"31":{"start":{"line":83,"column":16},"end":{"line":83,"column":35}},"32":{"start":{"line":84,"column":16},"end":{"line":84,"column":38}},"33":{"start":{"line":85,"column":16},"end":{"line":85,"column":28}},"34":{"start":{"line":87,"column":16},"end":{"line":90,"column":17}},"35":{"start":{"line":88,"column":18},"end":{"line":88,"column":43}},"36":{"start":{"line":89,"column":18},"end":{"line":89,"column":40}},"37":{"start":{"line":92,"column":16},"end":{"line":92,"column":35}},"38":{"start":{"line":93,"column":16},"end":{"line":97,"column":19}},"39":{"start":{"line":100,"column":16},"end":{"line":102,"column":20}},"40":{"start":{"line":105,"column":16},"end":{"line":105,"column":35}},"41":{"start":{"line":106,"column":16},"end":{"line":106,"column":53}},"42":{"start":{"line":107,"column":16},"end":{"line":109,"column":20}},"43":{"start":{"line":113,"column":16},"end":{"line":113,"column":40}},"44":{"start":{"line":120,"column":8},"end":{"line":120,"column":46}},"45":{"start":{"line":123,"column":6},"end":{"line":123,"column":20}},"46":{"start":{"line":128,"column":18},"end":{"line":157,"column":9}},"47":{"start":{"line":130,"column":8},"end":{"line":156,"column":37}},"48":{"start":{"line":131,"column":10},"end":{"line":155,"column":11}},"49":{"start":{"line":132,"column":12},"end":{"line":154,"column":13}},"50":{"start":{"line":134,"column":16},"end":{"line":134,"column":35}},"51":{"start":{"line":135,"column":16},"end":{"line":135,"column":35}},"52":{"start":{"line":136,"column":16},"end":{"line":136,"column":85}},"53":{"start":{"line":139,"column":16},"end":{"line":139,"column":41}},"54":{"start":{"line":140,"column":16},"end":{"line":142,"column":20}},"55":{"start":{"line":145,"column":16},"end":{"line":145,"column":35}},"56":{"start":{"line":146,"column":16},"end":{"line":146,"column":53}},"57":{"start":{"line":147,"column":16},"end":{"line":149,"column":20}},"58":{"start":{"line":153,"column":16},"end":{"line":153,"column":40}},"59":{"start":{"line":160,"column":8},"end":{"line":160,"column":44}},"60":{"start":{"line":163,"column":6},"end":{"line":163,"column":18}},"61":{"start":{"line":166,"column":2},"end":{"line":166,"column":27}},"62":{"start":{"line":169,"column":0},"end":{"line":169,"column":39}}},"fnMap":{"0":{"name":"(anonymous_0)","decl":{"start":{"line":22,"column":37},"end":{"line":22,"column":38}},"loc":{"start":{"line":22,"column":49},"end":{"line":167,"column":1}},"line":22},"1":{"name":"profileController","decl":{"start":{"line":23,"column":11},"end":{"line":23,"column":28}},"loc":{"start":{"line":23,"column":31},"end":{"line":25,"column":3}},"line":23},"2":{"name":"(anonymous_2)","decl":{"start":{"line":29,"column":11},"end":{"line":29,"column":12}},"loc":{"start":{"line":29,"column":23},"end":{"line":72,"column":5}},"line":29},"3":{"name":"_callee","decl":{"start":{"line":30,"column":104},"end":{"line":30,"column":111}},"loc":{"start":{"line":30,"column":122},"end":{"line":65,"column":7}},"line":30},"4":{"name":"_callee$","decl":{"start":{"line":32,"column":53},"end":{"line":32,"column":61}},"loc":{"start":{"line":32,"column":72},"end":{"line":64,"column":9}},"line":32},"5":{"name":"add","decl":{"start":{"line":67,"column":15},"end":{"line":67,"column":18}},"loc":{"start":{"line":67,"column":28},"end":{"line":69,"column":7}},"line":67},"6":{"name":"(anonymous_6)","decl":{"start":{"line":75,"column":11},"end":{"line":75,"column":12}},"loc":{"start":{"line":75,"column":23},"end":{"line":124,"column":5}},"line":75},"7":{"name":"_callee2","decl":{"start":{"line":76,"column":107},"end":{"line":76,"column":115}},"loc":{"start":{"line":76,"column":126},"end":{"line":117,"column":7}},"line":76},"8":{"name":"_callee2$","decl":{"start":{"line":79,"column":53},"end":{"line":79,"column":62}},"loc":{"start":{"line":79,"column":74},"end":{"line":116,"column":9}},"line":79},"9":{"name":"update","decl":{"start":{"line":119,"column":15},"end":{"line":119,"column":21}},"loc":{"start":{"line":119,"column":32},"end":{"line":121,"column":7}},"line":119},"10":{"name":"(anonymous_10)","decl":{"start":{"line":127,"column":11},"end":{"line":127,"column":12}},"loc":{"start":{"line":127,"column":23},"end":{"line":164,"column":5}},"line":127},"11":{"name":"_callee3","decl":{"start":{"line":128,"column":105},"end":{"line":128,"column":113}},"loc":{"start":{"line":128,"column":124},"end":{"line":157,"column":7}},"line":128},"12":{"name":"_callee3$","decl":{"start":{"line":130,"column":53},"end":{"line":130,"column":62}},"loc":{"start":{"line":130,"column":74},"end":{"line":156,"column":9}},"line":130},"13":{"name":"view","decl":{"start":{"line":159,"column":15},"end":{"line":159,"column":19}},"loc":{"start":{"line":159,"column":30},"end":{"line":161,"column":7}},"line":159}},"branchMap":{"0":{"loc":{"start":{"line":34,"column":12},"end":{"line":62,"column":13}},"type":"switch","locations":[{"start":{"line":35,"column":14},"end":{"line":45,"column":38}},{"start":{"line":47,"column":14},"end":{"line":50,"column":20}},{"start":{"line":52,"column":14},"end":{"line":57,"column":20}},{"start":{"line":59,"column":14},"end":{"line":59,"column":22}},{"start":{"line":60,"column":14},"end":{"line":61,"column":39}}],"line":34},"1":{"loc":{"start":{"line":81,"column":12},"end":{"line":114,"column":13}},"type":"switch","locations":[{"start":{"line":82,"column":14},"end":{"line":97,"column":19}},{"start":{"line":99,"column":14},"end":{"line":102,"column":20}},{"start":{"line":104,"column":14},"end":{"line":109,"column":20}},{"start":{"line":111,"column":14},"end":{"line":111,"column":22}},{"start":{"line":112,"column":14},"end":{"line":113,"column":40}}],"line":81},"2":{"loc":{"start":{"line":132,"column":12},"end":{"line":154,"column":13}},"type":"switch","locations":[{"start":{"line":133,"column":14},"end":{"line":136,"column":85}},{"start":{"line":138,"column":14},"end":{"line":142,"column":20}},{"start":{"line":144,"column":14},"end":{"line":149,"column":20}},{"start":{"line":151,"column":14},"end":{"line":151,"column":22}},{"start":{"line":152,"column":14},"end":{"line":153,"column":40}}],"line":132}},"s":{"0":1,"1":1,"2":1,"3":1,"4":1,"5":1,"6":1,"7":1,"8":1,"9":1,"10":0,"11":1,"12":1,"13":0,"14":0,"15":0,"16":0,"17":0,"18":0,"19":0,"20":0,"21":0,"22":0,"23":0,"24":0,"25":0,"26":1,"27":1,"28":0,"29":0,"30":0,"31":0,"32":0,"33":0,"34":0,"35":0,"36":0,"37":0,"38":0,"39":0,"40":0,"41":0,"42":0,"43":0,"44":0,"45":1,"46":1,"47":0,"48":0,"49":0,"50":0,"51":0,"52":0,"53":0,"54":0,"55":0,"56":0,"57":0,"58":0,"59":0,"60":1,"61":1,"62":1},"f":{"0":1,"1":0,"2":1,"3":0,"4":0,"5":0,"6":1,"7":0,"8":0,"9":0,"10":1,"11":0,"12":0,"13":0},"b":{"0":[0,0,0,0,0],"1":[0,0,0,0,0],"2":[0,0,0,0,0]},"inputSourceMap":{"version":3,"sources":["profileController.js"],"names":["profileController","req","res","plofile","Profile","_id","mongoose","Types","ObjectId","email","body","tel","home","userid","save","status","json","message","error","id","userInfo","fields","Object","entries","ob","updateOne","$set","findOne","select","exec","profile"],"mappings":";;;;;;;;;;;;;;;;;AAAA;;AACA;;IACqBA,iB;;;;;;;;gHACAC,G,EAAIC,G;;;;;;;AAEPC,gBAAAA,O,GAAU,IAAIC,mBAAJ,CAAY;AACxBC,kBAAAA,GAAG,EAAC,IAAIC,qBAASC,KAAT,CAAeC,QAAnB,EADoB;AAExBC,kBAAAA,KAAK,EAACR,GAAG,CAACS,IAAJ,CAASD,KAFS;AAGxBE,kBAAAA,GAAG,EAACV,GAAG,CAACS,IAAJ,CAASC,GAHW;AAIxBC,kBAAAA,IAAI,EAACX,GAAG,CAACS,IAAJ,CAASE,IAJU;AAKxBC,kBAAAA,MAAM,EAAC;AALiB,iBAAZ,C;;uBAQVV,OAAO,CAACW,IAAR,E;;;iDACCZ,GAAG,CAACa,MAAJ,CAAW,GAAX,EAAgBC,IAAhB,CAAqB;AAACC,kBAAAA,OAAO,EAAC;AAAT,iBAArB,C;;;;;iDAEAf,GAAG,CAACa,MAAJ,CAAW,GAAX,EAAgBC,IAAhB,CAAqB;AAACE,kBAAAA,KAAK,EAAC,YAAMD;AAAb,iBAArB,C;;;;;;;;;;;;;;;;;;;oHAGKhB,G,EAAIC,G;;;;;;;;AAEViB,gBAAAA,E,GAAGjB,GAAG,CAACkB,QAAJ,CAAaf,G;AAClBgB,gBAAAA,M,GAAO,E;;AAEX,+CAAUC,MAAM,CAACC,OAAP,CAAetB,GAAG,CAACS,IAAnB,CAAV,qCAAmC;AAA/Bc,kBAAAA,EAA+B;AAC/BH,kBAAAA,MAAM,CAACG,EAAE,CAAC,CAAD,CAAH,CAAN,GAAcA,EAAE,CAAC,CAAD,CAAhB;AACH;;;uBAEKpB,oBAAQqB,SAAR,CAAkB;AAACZ,kBAAAA,MAAM,EAACM;AAAR,iBAAlB,EAA8B;AAACO,kBAAAA,IAAI,EAACL;AAAN,iBAA9B,C;;;kDACCnB,GAAG,CAACa,MAAJ,CAAW,GAAX,EAAgBC,IAAhB,CAAqB;AAACC,kBAAAA,OAAO,EAAC;AAAT,iBAArB,C;;;;;kDAEAf,GAAG,CAACa,MAAJ,CAAW,GAAX,EAAgBC,IAAhB,CAAqB;AAACE,kBAAAA,KAAK,EAAC,aAAMD;AAAb,iBAArB,C;;;;;;;;;;;;;;;;;;;kHAGGhB,G,EAAIC,G;;;;;;;;uBAEOE,oBAAQuB,OAAR,GAAkBC,MAAlB,CAAyB,gBAAzB,EAA2CC,IAA3C,E;;;AAAfC,gBAAAA,O;kDACC5B,GAAG,CAACc,IAAJ,CAAS;AAACc,kBAAAA,OAAO,EAACA;AAAT,iBAAT,C;;;;;kDAEA5B,GAAG,CAACa,MAAJ,CAAW,GAAX,EAAgBC,IAAhB,CAAqB;AAACE,kBAAAA,KAAK,EAAC,aAAMD;AAAb,iBAArB,C","sourceRoot":"/home/heir/Desktop/backup/server/controllers/","sourcesContent":["import mongoose from 'mongoose'\nimport Profile from '../models/plofile'\nexport default class profileController{\n    static async add(req,res){\n        try{\n            const plofile = new Profile({\n                _id:new mongoose.Types.ObjectId(),\n                email:req.body.email,\n                tel:req.body.tel,\n                home:req.body.home,\n                userid:''\n            \n            });\n            await plofile.save();\n            return res.status(200).json({message:'added'});\n        }catch(error){\n           return  res.status(500).json({error:error.message});\n        }\n    }\n    static async update(req,res){\n        try{\n            const id=res.userInfo._id;\n            let fields={};\n            let ob;\n            for(ob of Object.entries(req.body)){\n                fields[ob[0]]=ob[1];\n            }\n            \n            await Profile.updateOne({userid:id},{$set:fields});\n            return res.status(200).json({message:'plofile updated!'})\n        }catch(error){\n            return res.status(500).json({error:error.message});\n        }\n    }\n    static async view(req,res){\n        try{\n            const profile =await Profile.findOne().select('email home tel').exec();\n            return res.json({profile:profile})\n        }catch(error){\n            return res.status(500).json({error:error.message});\n        }\n    }\n}"]},"_coverageSchema":"1a1c01bbd47fc00a2c39e90264f33305004495a9","hash":"0e79541569a5549e8ce8bafd60d3fa89fc2c119e","contentHash":"590c01b8b52bec86213c4cb451aa20d47f53e79f3ebdbb8776ff548cdecda014"},"/home/heir/Desktop/backup/server/models/plofile.js":{"path":"/home/heir/Desktop/backup/server/models/plofile.js","statementMap":{"0":{"start":{"line":3,"column":30},"end":{"line":3,"column":86}},"1":{"start":{"line":5,"column":16},"end":{"line":5,"column":60}},"2":{"start":{"line":7,"column":20},"end":{"line":24,"column":2}},"3":{"start":{"line":26,"column":0},"end":{"line":26,"column":70}}},"fnMap":{},"branchMap":{},"s":{"0":1,"1":1,"2":1,"3":1},"f":{},"b":{},"inputSourceMap":{"version":3,"sources":["plofile.js"],"names":["profileSchema","mongoose","Schema","_id","Types","ObjectId","email","type","String","required","tel","home","userid","module","exports","model"],"mappings":";;;;AAAA;;AACA,IAAMA,aAAa,GAAGC,qBAASC,MAAT,CAAgB;AAClCC,EAAAA,GAAG,EAAEF,qBAASC,MAAT,CAAgBE,KAAhB,CAAsBC,QADO;AAElCC,EAAAA,KAAK,EAAE;AAAEC,IAAAA,IAAI,EAAEC,MAAR;AAAgBC,IAAAA,QAAQ,EAAE;AAA1B,GAF2B;AAGlCC,EAAAA,GAAG,EAAE;AAAEH,IAAAA,IAAI,EAAEC,MAAR;AAAgBC,IAAAA,QAAQ,EAAE;AAA1B,GAH6B;AAIlCE,EAAAA,IAAI,EAAE;AAAEJ,IAAAA,IAAI,EAAEC,MAAR;AAAgBC,IAAAA,QAAQ,EAAE;AAA1B,GAJ4B;AAKlCG,EAAAA,MAAM,EAAE;AAAEL,IAAAA,IAAI,EAAEC;AAAR;AAL0B,CAAhB,CAAtB;;AAOAK,MAAM,CAACC,OAAP,GAAiBb,qBAASc,KAAT,CAAe,SAAf,EAA0Bf,aAA1B,CAAjB","sourceRoot":"/home/heir/Desktop/backup/server/models/","sourcesContent":["import mongoose, { schema } from 'mongoose'\nconst profileSchema = mongoose.Schema({\n    _id: mongoose.Schema.Types.ObjectId,\n    email: { type: String, required: true },\n    tel: { type: String, required: true },\n    home: { type: String, required: true },\n    userid: { type: String }\n})\nmodule.exports = mongoose.model('Profile', profileSchema)"]},"_coverageSchema":"1a1c01bbd47fc00a2c39e90264f33305004495a9","hash":"68f09d44111c2fa65e779b379b4ff41709c2ac82","contentHash":"eceeb4cec53cf99b49feb7fb752e51c3660a60ca09b7a0e6c6512aa72f680b7f"}}